2026-04-24 18:50:20 [INFO] run_production — 
2026-04-24 18:50:20 [INFO] run_production — ======================================================================
2026-04-24 18:50:20 [INFO] run_production —   PRODUCTION STARTUP: Live API + Dashboard + Batch Ingestion
2026-04-24 18:50:20 [INFO] run_production — ======================================================================
2026-04-24 18:50:20 [INFO] run_production — Starting Supply Chain Ingestion Pipeline (Production Mode)
2026-04-24 18:50:20 [INFO] run_production — Registered sources: 7 | Starting production pipeline with live API and Kafka stream
2026-04-24 18:50:20 [INFO] run_production — Production endpoints: http://localhost:8000/health, /telemetry, /storage-summary, /dashboard-plots
2026-04-24 18:50:20 [INFO] run_production — 
2026-04-24 18:50:20 [INFO] run_production — ======================================================================
2026-04-24 18:50:20 [INFO] run_production —   PHASE: API SERVER: FastAPI startup
2026-04-24 18:50:20 [INFO] run_production — ======================================================================
2026-04-24 18:50:20 [INFO] run_production — Starting API server on http://0.0.0.0:8000 with auto-reload enabled
2026-04-24 18:50:22 [INFO] run_production — 
2026-04-24 18:50:22 [INFO] run_production — ======================================================================
2026-04-24 18:50:22 [INFO] run_production —   PRODUCTION DASHBOARD: Status & Health Summary
2026-04-24 18:50:22 [INFO] run_production — ======================================================================
2026-04-24 18:50:22 [INFO] run_production — 
2026-04-24 18:50:22 [INFO] run_production —   -- Storage Audit --
2026-04-24 18:50:22 [INFO] run_production —   Ingested (Parquet)               20 files    7579.1 KB
2026-04-24 18:50:22 [INFO] run_production —   Quarantine                        0 files       0.0 KB
2026-04-24 18:50:22 [INFO] run_production —   CDC Log                           2 files     622.8 KB
2026-04-24 18:50:22 [INFO] run_production —   Micro-Batch                       6 files     213.2 KB
2026-04-24 18:50:22 [INFO] run_production —   Stream Buffer                   339 files    9210.1 KB
2026-04-24 18:50:22 [INFO] run_production —   Checkpoints                       4 files       0.3 KB
2026-04-24 18:50:22 [INFO] run_production —   Detail Logs (JSONL)              11 files    2383.2 KB
2026-04-24 18:50:22 [INFO] run_production —   -------------------------------------------------------
2026-04-24 18:50:22 [INFO] run_production —   TOTAL                           382 files   20008.8 KB
2026-04-24 18:50:22 [INFO] run_production — 
2026-04-24 18:50:22 [INFO] run_production —   -- Parquet Row Counts --
2026-04-24 18:50:22 [INFO] run_production —   src_legacy_trends.parquet                                 6298 rows
2026-04-24 18:50:22 [INFO] run_production —   src_manufacturing_logs.parquet                           10000 rows
2026-04-24 18:50:22 [INFO] run_production —   src_manufacturing_logs_log_cdc_burst.parquet              5000 rows
2026-04-24 18:50:22 [INFO] run_production —   src_manufacturing_logs_ts_cdc_burst.parquet               5000 rows
2026-04-24 18:50:22 [INFO] run_production —   src_sales_history.parquet                                10000 rows
2026-04-24 18:50:22 [INFO] run_production —   src_sales_history_log_cdc_steady.parquet                   100 rows
2026-04-24 18:50:22 [INFO] run_production —   src_sales_history_ts_cdc_steady.parquet                    100 rows
2026-04-24 18:50:22 [INFO] run_production —   src_warehouse_master.parquet                             10000 rows
2026-04-24 18:50:22 [INFO] run_production —   src_weather_api.parquet                                      1 rows
2026-04-24 18:50:22 [INFO] run_production —   src_manufacturing_logs_burst_cdc.parquet                  5000 rows
2026-04-24 18:50:22 [INFO] run_production —   src_sales_history_steady_cdc.parquet                       100 rows
2026-04-24 18:50:22 [INFO] run_production —   src_manufacturing_logs_microbatch_001.parquet              200 rows
2026-04-24 18:50:22 [INFO] run_production —   src_manufacturing_logs_microbatch_002.parquet              200 rows
2026-04-24 18:50:22 [INFO] run_production —   src_manufacturing_logs_microbatch_003.parquet              200 rows
2026-04-24 18:50:22 [INFO] run_production —   src_sales_history_microbatch_001.parquet                   200 rows
2026-04-24 18:50:22 [INFO] run_production —   src_sales_history_microbatch_002.parquet                   200 rows
2026-04-24 18:50:22 [INFO] run_production —   src_sales_history_microbatch_003.parquet                   200 rows
2026-04-24 18:50:22 [INFO] run_production —   iot_realtime_20260412T074558_batch001.parquet              100 rows
2026-04-24 18:50:22 [INFO] run_production —   iot_realtime_20260412T074735_batch002.parquet              100 rows
2026-04-24 18:50:22 [INFO] run_production —   iot_realtime_20260412T074911_batch003.parquet              100 rows
2026-04-24 18:50:22 [INFO] run_production —   iot_realtime_20260412T075048_batch004.parquet              100 rows
2026-04-24 18:50:22 [INFO] run_production —   iot_realtime_20260412T075226_batch005.parquet              100 rows
2026-04-24 18:50:22 [INFO] run_production —   iot_realtime_20260412T075404_batch006.parquet              100 rows
2026-04-24 18:50:22 [INFO] run_production —   iot_realtime_20260412T075539_batch007.parquet              100 rows
2026-04-24 18:50:22 [INFO] run_production —   iot_realtime_20260412T075714_batch008.parquet              100 rows
2026-04-24 18:50:22 [INFO] run_production —   iot_realtime_20260412T075852_batch009.parquet              100 rows
2026-04-24 18:50:22 [INFO] run_production —   iot_realtime_20260412T080031_batch010.parquet              100 rows
2026-04-24 18:50:22 [INFO] run_production —   iot_realtime_20260412T080208_batch011.parquet              100 rows
2026-04-24 18:50:22 [INFO] run_production —   iot_realtime_20260412T083519_batch001.parquet              100 rows
2026-04-24 18:50:22 [INFO] run_production —   iot_realtime_20260412T083658_batch002.parquet              100 rows
2026-04-24 18:50:22 [INFO] run_production —   iot_realtime_20260412T090156_batch001.parquet              100 rows
2026-04-24 18:50:22 [INFO] run_production —   iot_realtime_20260412T090334_batch002.parquet              100 rows
2026-04-24 18:50:22 [INFO] run_production —   iot_realtime_20260412T090511_batch003.parquet              100 rows
2026-04-24 18:50:22 [INFO] run_production —   iot_realtime_20260412T090649_batch004.parquet              100 rows
2026-04-24 18:50:22 [INFO] run_production —   iot_realtime_20260412T090829_batch005.parquet              100 rows
2026-04-24 18:50:22 [INFO] run_production —   iot_realtime_20260412T091004_batch006.parquet              100 rows
2026-04-24 18:50:22 [INFO] run_production —   iot_realtime_20260412T091142_batch007.parquet              100 rows
2026-04-24 18:50:22 [INFO] run_production —   iot_realtime_20260412T091319_batch008.parquet              100 rows
2026-04-24 18:50:22 [INFO] run_production —   iot_realtime_20260412T091457_batch009.parquet              100 rows
2026-04-24 18:50:22 [INFO] run_production —   iot_realtime_20260412T091633_batch010.parquet              100 rows
2026-04-24 18:50:22 [INFO] run_production —   iot_realtime_20260412T091813_batch011.parquet              100 rows
2026-04-24 18:50:22 [INFO] run_production —   iot_realtime_20260412T091952_batch012.parquet              100 rows
2026-04-24 18:50:22 [INFO] run_production —   iot_realtime_20260412T092128_batch013.parquet              100 rows
2026-04-24 18:50:22 [INFO] run_production —   iot_realtime_20260412T092306_batch014.parquet              100 rows
2026-04-24 18:50:22 [INFO] run_production —   iot_realtime_20260412T092442_batch015.parquet              100 rows
2026-04-24 18:50:22 [INFO] run_production —   iot_realtime_20260412T095817_batch001.parquet              100 rows
2026-04-24 18:50:22 [INFO] run_production —   iot_realtime_20260412T095957_batch002.parquet              100 rows
2026-04-24 18:50:22 [INFO] run_production —   iot_realtime_20260412T100134_batch003.parquet              100 rows
2026-04-24 18:50:22 [INFO] run_production —   iot_realtime_20260412T100310_batch004.parquet              100 rows
2026-04-24 18:50:22 [INFO] run_production —   iot_realtime_20260412T100448_batch005.parquet              100 rows
2026-04-24 18:50:22 [INFO] run_production —   iot_realtime_20260412T100626_batch006.parquet              100 rows
2026-04-24 18:50:22 [INFO] run_production —   iot_realtime_20260412T100803_batch007.parquet              100 rows
2026-04-24 18:50:22 [INFO] run_production —   iot_realtime_20260412T104056_batch001.parquet              100 rows
2026-04-24 18:50:22 [INFO] run_production —   iot_realtime_20260412T104234_batch002.parquet              100 rows
2026-04-24 18:50:22 [INFO] run_production —   iot_realtime_20260412T104410_batch003.parquet              100 rows
2026-04-24 18:50:22 [INFO] run_production —   iot_realtime_20260412T104550_batch004.parquet              100 rows
2026-04-24 18:50:22 [INFO] run_production —   iot_realtime_20260412T113418_batch001.parquet              100 rows
2026-04-24 18:50:22 [INFO] run_production —   iot_realtime_20260412T113554_batch002.parquet              100 rows
2026-04-24 18:50:22 [INFO] run_production —   iot_realtime_20260412T113731_batch003.parquet              100 rows
2026-04-24 18:50:22 [INFO] run_production —   iot_realtime_20260412T113908_batch004.parquet              100 rows
2026-04-24 18:50:22 [INFO] run_production —   iot_realtime_20260412T114046_batch005.parquet              100 rows
2026-04-24 18:50:22 [INFO] run_production —   iot_realtime_20260412T114225_batch006.parquet              100 rows
2026-04-24 18:50:22 [INFO] run_production —   iot_realtime_20260412T114404_batch007.parquet              100 rows
2026-04-24 18:50:22 [INFO] run_production —   iot_realtime_20260412T114540_batch008.parquet              100 rows
2026-04-24 18:50:22 [INFO] run_production —   iot_realtime_20260412T114715_batch009.parquet              100 rows
2026-04-24 18:50:22 [INFO] run_production —   iot_realtime_20260412T114850_batch010.parquet              100 rows
2026-04-24 18:50:22 [INFO] run_production —   iot_realtime_20260412T115024_batch011.parquet              100 rows
2026-04-24 18:50:22 [INFO] run_production —   iot_realtime_20260412T115202_batch012.parquet              100 rows
2026-04-24 18:50:22 [INFO] run_production —   iot_realtime_20260412T115342_batch013.parquet              100 rows
2026-04-24 18:50:22 [INFO] run_production —   iot_realtime_20260412T115520_batch014.parquet              100 rows
2026-04-24 18:50:22 [INFO] run_production —   iot_realtime_20260412T115653_batch015.parquet              100 rows
2026-04-24 18:50:22 [INFO] run_production —   iot_realtime_20260412T115829_batch016.parquet              100 rows
2026-04-24 18:50:22 [INFO] run_production —   iot_realtime_20260412T120008_batch017.parquet              100 rows
2026-04-24 18:50:22 [INFO] run_production —   iot_realtime_20260412T130118_batch001.parquet              100 rows
2026-04-24 18:50:22 [INFO] run_production —   iot_realtime_20260412T130255_batch002.parquet              100 rows
2026-04-24 18:50:22 [INFO] run_production —   iot_realtime_20260412T130432_batch003.parquet              100 rows
2026-04-24 18:50:22 [INFO] run_production —   iot_realtime_20260412T130608_batch004.parquet              100 rows
2026-04-24 18:50:22 [INFO] run_production —   iot_realtime_20260412T130746_batch005.parquet              100 rows
2026-04-24 18:50:22 [INFO] run_production —   iot_realtime_20260412T130924_batch006.parquet              100 rows
2026-04-24 18:50:22 [INFO] run_production —   iot_realtime_20260412T133713_batch001.parquet              100 rows
2026-04-24 18:50:22 [INFO] run_production —   iot_realtime_20260412T133848_batch002.parquet              100 rows
2026-04-24 18:50:22 [INFO] run_production —   iot_realtime_20260412T134027_batch003.parquet              100 rows
2026-04-24 18:50:22 [INFO] run_production —   iot_realtime_20260412T134206_batch004.parquet              100 rows
2026-04-24 18:50:22 [INFO] run_production —   iot_realtime_20260412T134341_batch005.parquet              100 rows
2026-04-24 18:50:22 [INFO] run_production —   iot_realtime_20260412T134515_batch006.parquet              100 rows
2026-04-24 18:50:22 [INFO] run_production —   iot_realtime_20260412T134656_batch007.parquet              100 rows
2026-04-24 18:50:22 [INFO] run_production —   iot_realtime_20260412T134832_batch008.parquet              100 rows
2026-04-24 18:50:22 [INFO] run_production —   iot_realtime_20260412T135010_batch009.parquet              100 rows
2026-04-24 18:50:22 [INFO] run_production —   iot_realtime_20260412T135150_batch010.parquet              100 rows
2026-04-24 18:50:22 [INFO] run_production —   iot_realtime_20260412T135327_batch011.parquet              100 rows
2026-04-24 18:50:22 [INFO] run_production —   iot_realtime_20260412T142544_batch001.parquet              100 rows
2026-04-24 18:50:22 [INFO] run_production —   iot_realtime_20260412T142722_batch002.parquet              100 rows
2026-04-24 18:50:22 [INFO] run_production —   iot_realtime_20260412T142858_batch003.parquet              100 rows
2026-04-24 18:50:22 [INFO] run_production —   iot_realtime_20260412T143033_batch004.parquet              100 rows
2026-04-24 18:50:22 [INFO] run_production —   iot_realtime_20260412T143212_batch005.parquet              100 rows
2026-04-24 18:50:22 [INFO] run_production —   iot_realtime_20260412T143349_batch006.parquet              100 rows
2026-04-24 18:50:22 [INFO] run_production —   iot_realtime_20260412T143526_batch007.parquet              100 rows
2026-04-24 18:50:22 [INFO] run_production —   iot_realtime_20260412T143703_batch008.parquet              100 rows
2026-04-24 18:50:22 [INFO] run_production —   iot_realtime_20260412T143840_batch009.parquet              100 rows
2026-04-24 18:50:22 [INFO] run_production —   iot_realtime_20260412T144016_batch010.parquet              100 rows
2026-04-24 18:50:22 [INFO] run_production —   iot_realtime_20260412T144156_batch011.parquet              100 rows
2026-04-24 18:50:22 [INFO] run_production —   iot_realtime_20260412T144333_batch012.parquet              100 rows
2026-04-24 18:50:22 [INFO] run_production —   iot_realtime_20260412T144510_batch013.parquet              100 rows
2026-04-24 18:50:22 [INFO] run_production —   iot_realtime_20260412T144649_batch014.parquet              100 rows
2026-04-24 18:50:22 [INFO] run_production —   iot_realtime_20260412T144828_batch015.parquet              100 rows
2026-04-24 18:50:22 [INFO] run_production —   iot_realtime_20260412T145006_batch016.parquet              100 rows
2026-04-24 18:50:22 [INFO] run_production —   iot_realtime_20260412T145144_batch017.parquet              100 rows
2026-04-24 18:50:22 [INFO] run_production —   iot_realtime_20260412T145319_batch018.parquet              100 rows
2026-04-24 18:50:22 [INFO] run_production —   iot_realtime_20260412T145458_batch019.parquet              100 rows
2026-04-24 18:50:22 [INFO] run_production —   iot_realtime_20260412T145638_batch020.parquet              100 rows
2026-04-24 18:50:22 [INFO] run_production —   iot_realtime_20260412T145817_batch021.parquet              100 rows
2026-04-24 18:50:22 [INFO] run_production —   iot_realtime_20260412T145953_batch022.parquet              100 rows
2026-04-24 18:50:22 [INFO] run_production —   iot_realtime_20260412T150133_batch023.parquet              100 rows
2026-04-24 18:50:22 [INFO] run_production —   iot_realtime_20260412T150312_batch024.parquet              100 rows
2026-04-24 18:50:22 [INFO] run_production —   iot_realtime_20260412T150450_batch025.parquet              100 rows
2026-04-24 18:50:22 [INFO] run_production —   iot_realtime_20260412T150629_batch026.parquet              100 rows
2026-04-24 18:50:22 [INFO] run_production —   iot_realtime_20260412T150805_batch027.parquet              100 rows
2026-04-24 18:50:22 [INFO] run_production —   iot_realtime_20260412T150944_batch028.parquet              100 rows
2026-04-24 18:50:22 [INFO] run_production —   iot_realtime_20260412T151118_batch029.parquet              100 rows
2026-04-24 18:50:22 [INFO] run_production —   iot_realtime_20260412T151255_batch030.parquet              100 rows
2026-04-24 18:50:22 [INFO] run_production —   iot_realtime_20260412T151430_batch031.parquet              100 rows
2026-04-24 18:50:22 [INFO] run_production —   iot_realtime_20260412T151609_batch032.parquet              100 rows
2026-04-24 18:50:22 [INFO] run_production —   iot_realtime_20260412T151749_batch033.parquet              100 rows
2026-04-24 18:50:22 [INFO] run_production —   iot_realtime_20260412T151925_batch034.parquet              100 rows
2026-04-24 18:50:22 [INFO] run_production —   iot_realtime_20260412T152104_batch035.parquet              100 rows
2026-04-24 18:50:22 [INFO] run_production —   iot_realtime_20260412T152242_batch036.parquet              100 rows
2026-04-24 18:50:22 [INFO] run_production —   iot_realtime_20260412T152422_batch037.parquet              100 rows
2026-04-24 18:50:22 [INFO] run_production —   iot_realtime_20260412T152558_batch038.parquet              100 rows
2026-04-24 18:50:22 [INFO] run_production —   iot_realtime_20260412T152736_batch039.parquet              100 rows
2026-04-24 18:50:22 [INFO] run_production —   iot_realtime_20260424T033045_batch001.parquet              100 rows
2026-04-24 18:50:22 [INFO] run_production —   iot_realtime_20260424T033221_batch002.parquet              100 rows
2026-04-24 18:50:22 [INFO] run_production —   iot_realtime_20260424T033359_batch003.parquet              100 rows
2026-04-24 18:50:22 [INFO] run_production —   iot_realtime_20260424T033535_batch004.parquet              100 rows
2026-04-24 18:50:22 [INFO] run_production —   iot_realtime_20260424T033710_batch005.parquet              100 rows
2026-04-24 18:50:22 [INFO] run_production —   iot_realtime_20260424T033846_batch006.parquet              100 rows
2026-04-24 18:50:22 [INFO] run_production —   iot_realtime_20260424T034025_batch007.parquet              100 rows
2026-04-24 18:50:23 [INFO] run_production —   iot_realtime_20260424T034203_batch008.parquet              100 rows
2026-04-24 18:50:23 [INFO] run_production —   iot_realtime_20260424T034338_batch009.parquet              100 rows
2026-04-24 18:50:23 [INFO] run_production —   iot_realtime_20260424T034513_batch010.parquet              100 rows
2026-04-24 18:50:23 [INFO] run_production —   iot_realtime_20260424T034648_batch011.parquet              100 rows
2026-04-24 18:50:23 [INFO] run_production —   iot_realtime_20260424T034825_batch012.parquet              100 rows
2026-04-24 18:50:23 [INFO] run_production —   iot_realtime_20260424T035001_batch013.parquet              100 rows
2026-04-24 18:50:23 [INFO] run_production —   iot_realtime_20260424T035140_batch014.parquet              100 rows
2026-04-24 18:50:23 [INFO] run_production —   iot_realtime_20260424T035317_batch015.parquet              100 rows
2026-04-24 18:50:23 [INFO] run_production —   iot_realtime_20260424T035455_batch016.parquet              100 rows
2026-04-24 18:50:23 [INFO] run_production —   iot_realtime_20260424T035634_batch017.parquet              100 rows
2026-04-24 18:50:23 [INFO] run_production —   iot_realtime_20260424T035813_batch018.parquet              100 rows
2026-04-24 18:50:23 [INFO] run_production —   iot_realtime_20260424T035951_batch019.parquet              100 rows
2026-04-24 18:50:23 [INFO] run_production —   iot_realtime_20260424T040130_batch020.parquet              100 rows
2026-04-24 18:50:23 [INFO] run_production —   iot_realtime_20260424T040308_batch021.parquet              100 rows
2026-04-24 18:50:23 [INFO] run_production —   iot_realtime_20260424T040446_batch022.parquet              100 rows
2026-04-24 18:50:23 [INFO] run_production —   iot_realtime_20260424T040625_batch023.parquet              100 rows
2026-04-24 18:50:23 [INFO] run_production —   iot_realtime_20260424T040801_batch024.parquet              100 rows
2026-04-24 18:50:23 [INFO] run_production —   iot_realtime_20260424T040937_batch025.parquet              100 rows
2026-04-24 18:50:23 [INFO] run_production —   iot_realtime_20260424T041117_batch026.parquet              100 rows
2026-04-24 18:50:23 [INFO] run_production —   iot_realtime_20260424T041253_batch027.parquet              100 rows
2026-04-24 18:50:23 [INFO] run_production —   iot_realtime_20260424T041430_batch028.parquet              100 rows
2026-04-24 18:50:23 [INFO] run_production —   iot_realtime_20260424T041610_batch029.parquet              100 rows
2026-04-24 18:50:23 [INFO] run_production —   iot_realtime_20260424T041750_batch030.parquet              100 rows
2026-04-24 18:50:23 [INFO] run_production —   iot_realtime_20260424T041927_batch031.parquet              100 rows
2026-04-24 18:50:23 [INFO] run_production —   iot_realtime_20260424T042106_batch032.parquet              100 rows
2026-04-24 18:50:23 [INFO] run_production —   iot_realtime_20260424T042245_batch033.parquet              100 rows
2026-04-24 18:50:23 [INFO] run_production —   iot_realtime_20260424T042422_batch034.parquet              100 rows
2026-04-24 18:50:23 [INFO] run_production —   iot_realtime_20260424T054655_batch035.parquet              100 rows
2026-04-24 18:50:23 [INFO] run_production —   iot_realtime_20260424T054833_batch036.parquet              100 rows
2026-04-24 18:50:23 [INFO] run_production —   iot_realtime_20260424T055009_batch037.parquet              100 rows
2026-04-24 18:50:23 [INFO] run_production —   iot_realtime_20260424T055148_batch038.parquet              100 rows
2026-04-24 18:50:23 [INFO] run_production —   iot_realtime_20260424T080259_batch039.parquet              100 rows
2026-04-24 18:50:23 [INFO] run_production —   iot_realtime_20260424T080438_batch040.parquet              100 rows
2026-04-24 18:50:23 [INFO] run_production —   iot_realtime_20260424T080611_batch041.parquet              100 rows
2026-04-24 18:50:23 [INFO] run_production —   iot_realtime_20260424T080748_batch042.parquet              100 rows
2026-04-24 18:50:23 [INFO] run_production —   iot_realtime_20260424T080927_batch043.parquet              100 rows
2026-04-24 18:50:23 [INFO] run_production —   iot_realtime_20260424T081103_batch044.parquet              100 rows
2026-04-24 18:50:23 [INFO] run_production —   iot_realtime_20260424T081239_batch045.parquet              100 rows
2026-04-24 18:50:23 [INFO] run_production —   iot_realtime_20260424T081428_batch001.parquet              100 rows
2026-04-24 18:50:23 [INFO] run_production —   iot_realtime_20260424T081604_batch002.parquet              100 rows
2026-04-24 18:50:23 [INFO] run_production —   iot_realtime_20260424T081743_batch003.parquet              100 rows
2026-04-24 18:50:23 [INFO] run_production —   iot_realtime_20260424T081920_batch004.parquet              100 rows
2026-04-24 18:50:23 [INFO] run_production —   iot_realtime_20260424T082059_batch005.parquet              100 rows
2026-04-24 18:50:23 [INFO] run_production —   iot_realtime_20260424T082236_batch006.parquet              100 rows
2026-04-24 18:50:23 [INFO] run_production —   iot_realtime_20260424T082415_batch007.parquet              100 rows
2026-04-24 18:50:23 [INFO] run_production —   iot_realtime_20260424T082549_batch008.parquet              100 rows
2026-04-24 18:50:23 [INFO] run_production —   iot_realtime_20260424T082726_batch009.parquet              100 rows
2026-04-24 18:50:23 [INFO] run_production —   iot_realtime_20260424T082905_batch010.parquet              100 rows
2026-04-24 18:50:23 [INFO] run_production —   iot_realtime_20260424T083042_batch011.parquet              100 rows
2026-04-24 18:50:23 [INFO] run_production —   iot_realtime_20260424T083215_batch012.parquet              100 rows
2026-04-24 18:50:23 [INFO] run_production —   iot_realtime_20260424T083355_batch013.parquet              100 rows
2026-04-24 18:50:23 [INFO] run_production —   iot_realtime_20260424T083533_batch014.parquet              100 rows
2026-04-24 18:50:23 [INFO] run_production —   iot_realtime_20260424T083712_batch015.parquet              100 rows
2026-04-24 18:50:23 [INFO] run_production —   iot_realtime_20260424T083846_batch016.parquet              100 rows
2026-04-24 18:50:23 [INFO] run_production —   iot_realtime_20260424T084025_batch017.parquet              100 rows
2026-04-24 18:50:23 [INFO] run_production —   iot_realtime_20260424T084203_batch018.parquet              100 rows
2026-04-24 18:50:23 [INFO] run_production —   iot_realtime_20260424T084340_batch019.parquet              100 rows
2026-04-24 18:50:23 [INFO] run_production —   iot_realtime_20260424T084520_batch020.parquet              100 rows
2026-04-24 18:50:23 [INFO] run_production —   iot_realtime_20260424T084658_batch021.parquet              100 rows
2026-04-24 18:50:23 [INFO] run_production —   iot_realtime_20260424T084836_batch022.parquet              100 rows
2026-04-24 18:50:23 [INFO] run_production —   iot_realtime_20260424T092232_batch001.parquet              100 rows
2026-04-24 18:50:23 [INFO] run_production —   iot_realtime_20260424T092351_batch002.parquet              100 rows
2026-04-24 18:50:23 [INFO] run_production —   iot_realtime_20260424T092526_batch003.parquet              100 rows
2026-04-24 18:50:23 [INFO] run_production —   iot_realtime_20260424T092703_batch004.parquet              100 rows
2026-04-24 18:50:23 [INFO] run_production —   iot_realtime_20260424T092840_batch005.parquet              100 rows
2026-04-24 18:50:23 [INFO] run_production —   iot_realtime_20260424T093014_batch006.parquet              100 rows
2026-04-24 18:50:23 [INFO] run_production —   iot_realtime_20260424T093151_batch007.parquet              100 rows
2026-04-24 18:50:23 [INFO] run_production —   iot_realtime_20260424T093326_batch008.parquet              100 rows
2026-04-24 18:50:23 [INFO] run_production —   iot_realtime_20260424T093504_batch009.parquet              100 rows
2026-04-24 18:50:23 [INFO] run_production —   iot_realtime_20260424T093641_batch010.parquet              100 rows
2026-04-24 18:50:23 [INFO] run_production —   iot_realtime_20260424T093817_batch011.parquet              100 rows
2026-04-24 18:50:23 [INFO] run_production —   iot_realtime_20260424T093952_batch012.parquet              100 rows
2026-04-24 18:50:23 [INFO] run_production —   iot_realtime_20260424T094131_batch013.parquet              100 rows
2026-04-24 18:50:23 [INFO] run_production —   iot_realtime_20260424T094308_batch014.parquet              100 rows
2026-04-24 18:50:23 [INFO] run_production —   iot_realtime_20260424T094448_batch015.parquet              100 rows
2026-04-24 18:50:23 [INFO] run_production —   iot_realtime_20260424T094622_batch016.parquet              100 rows
2026-04-24 18:50:23 [INFO] run_production —   iot_realtime_20260424T094758_batch017.parquet              100 rows
2026-04-24 18:50:23 [INFO] run_production —   iot_realtime_20260424T094932_batch018.parquet              100 rows
2026-04-24 18:50:23 [INFO] run_production —   iot_realtime_20260424T095108_batch019.parquet              100 rows
2026-04-24 18:50:23 [INFO] run_production —   iot_realtime_20260424T095245_batch020.parquet              100 rows
2026-04-24 18:50:23 [INFO] run_production —   iot_realtime_20260424T095422_batch021.parquet              100 rows
2026-04-24 18:50:23 [INFO] run_production —   iot_realtime_20260424T095603_batch022.parquet              100 rows
2026-04-24 18:50:23 [INFO] run_production —   iot_realtime_20260424T095739_batch023.parquet              100 rows
2026-04-24 18:50:23 [INFO] run_production —   iot_realtime_20260424T095919_batch024.parquet              100 rows
2026-04-24 18:50:23 [INFO] run_production —   iot_realtime_20260424T100057_batch025.parquet              100 rows
2026-04-24 18:50:23 [INFO] run_production —   iot_realtime_20260424T100230_batch026.parquet              100 rows
2026-04-24 18:50:23 [INFO] run_production —   iot_realtime_20260424T102952_batch001.parquet              100 rows
2026-04-24 18:50:23 [INFO] run_production —   iot_realtime_20260424T103126_batch002.parquet              100 rows
2026-04-24 18:50:23 [INFO] run_production —   iot_realtime_20260424T103304_batch003.parquet              100 rows
2026-04-24 18:50:23 [INFO] run_production —   iot_realtime_20260424T103444_batch004.parquet              100 rows
2026-04-24 18:50:23 [INFO] run_production —   iot_realtime_20260424T103623_batch005.parquet              100 rows
2026-04-24 18:50:23 [INFO] run_production —   iot_realtime_20260424T103802_batch006.parquet              100 rows
2026-04-24 18:50:23 [INFO] run_production —   iot_realtime_20260424T103939_batch007.parquet              100 rows
2026-04-24 18:50:23 [INFO] run_production —   iot_realtime_20260424T104117_batch008.parquet              100 rows
2026-04-24 18:50:23 [INFO] run_production —   iot_realtime_20260424T104254_batch009.parquet              100 rows
2026-04-24 18:50:23 [INFO] run_production —   iot_realtime_20260424T104431_batch010.parquet              100 rows
2026-04-24 18:50:23 [INFO] run_production —   iot_realtime_20260424T104610_batch011.parquet              100 rows
2026-04-24 18:50:23 [INFO] run_production —   iot_realtime_20260424T104749_batch012.parquet              100 rows
2026-04-24 18:50:23 [INFO] run_production —   iot_realtime_20260424T105136_batch001.parquet              100 rows
2026-04-24 18:50:23 [INFO] run_production —   iot_realtime_20260424T105311_batch002.parquet              100 rows
2026-04-24 18:50:23 [INFO] run_production —   iot_realtime_20260424T105742_batch001.parquet              100 rows
2026-04-24 18:50:23 [INFO] run_production —   iot_realtime_20260424T105918_batch002.parquet              100 rows
2026-04-24 18:50:23 [INFO] run_production —   iot_realtime_20260424T110056_batch003.parquet              100 rows
2026-04-24 18:50:23 [INFO] run_production —   iot_realtime_20260424T110234_batch004.parquet              100 rows
2026-04-24 18:50:23 [INFO] run_production —   iot_realtime_20260424T110833_batch001.parquet              100 rows
2026-04-24 18:50:23 [INFO] run_production —   iot_realtime_20260424T111011_batch002.parquet              100 rows
2026-04-24 18:50:23 [INFO] run_production —   iot_realtime_20260424T111151_batch003.parquet              100 rows
2026-04-24 18:50:23 [INFO] run_production —   iot_realtime_20260424T111329_batch004.parquet              100 rows
2026-04-24 18:50:23 [INFO] run_production —   iot_realtime_20260424T111504_batch005.parquet              100 rows
2026-04-24 18:50:23 [INFO] run_production —   iot_realtime_20260424T111639_batch006.parquet              100 rows
2026-04-24 18:50:23 [INFO] run_production —   iot_realtime_20260424T111812_batch007.parquet              100 rows
2026-04-24 18:50:23 [INFO] run_production —   iot_realtime_20260424T111951_batch008.parquet              100 rows
2026-04-24 18:50:23 [INFO] run_production —   iot_realtime_20260424T112128_batch009.parquet              100 rows
2026-04-24 18:50:23 [INFO] run_production —   iot_realtime_20260424T112301_batch010.parquet              100 rows
2026-04-24 18:50:23 [INFO] run_production —   iot_realtime_20260424T112439_batch011.parquet              100 rows
2026-04-24 18:50:23 [INFO] run_production —   iot_realtime_20260424T112617_batch012.parquet              100 rows
2026-04-24 18:50:23 [INFO] run_production —   iot_realtime_20260424T112752_batch013.parquet              100 rows
2026-04-24 18:50:23 [INFO] run_production —   iot_realtime_20260424T112927_batch014.parquet              100 rows
2026-04-24 18:50:23 [INFO] run_production —   iot_realtime_20260424T113103_batch015.parquet              100 rows
2026-04-24 18:50:23 [INFO] run_production —   iot_realtime_20260424T113240_batch016.parquet              100 rows
2026-04-24 18:50:23 [INFO] run_production —   iot_realtime_20260424T113417_batch017.parquet              100 rows
2026-04-24 18:50:23 [INFO] run_production —   iot_realtime_20260424T113554_batch018.parquet              100 rows
2026-04-24 18:50:23 [INFO] run_production —   iot_realtime_20260424T113732_batch019.parquet              100 rows
2026-04-24 18:50:23 [INFO] run_production —   iot_realtime_20260424T113908_batch020.parquet              100 rows
2026-04-24 18:50:23 [INFO] run_production —   iot_realtime_20260424T114045_batch021.parquet              100 rows
2026-04-24 18:50:23 [INFO] run_production —   iot_realtime_20260424T114219_batch022.parquet              100 rows
2026-04-24 18:50:23 [INFO] run_production —   iot_realtime_20260424T114356_batch023.parquet              100 rows
2026-04-24 18:50:23 [INFO] run_production —   iot_realtime_20260424T114534_batch024.parquet              100 rows
2026-04-24 18:50:23 [INFO] run_production —   iot_realtime_20260424T114714_batch025.parquet              100 rows
2026-04-24 18:50:23 [INFO] run_production —   iot_realtime_20260424T114853_batch026.parquet              100 rows
2026-04-24 18:50:23 [INFO] run_production —   iot_realtime_20260424T115027_batch027.parquet              100 rows
2026-04-24 18:50:23 [INFO] run_production —   iot_realtime_20260424T115202_batch028.parquet              100 rows
2026-04-24 18:50:23 [INFO] run_production —   iot_realtime_20260424T115340_batch029.parquet              100 rows
2026-04-24 18:50:23 [INFO] run_production —   iot_realtime_20260424T115513_batch030.parquet              100 rows
2026-04-24 18:50:23 [INFO] run_production —   iot_realtime_20260424T115652_batch031.parquet              100 rows
2026-04-24 18:50:23 [INFO] run_production —   iot_realtime_20260424T115831_batch032.parquet              100 rows
2026-04-24 18:50:23 [INFO] run_production —   iot_realtime_20260424T120009_batch033.parquet              100 rows
2026-04-24 18:50:23 [INFO] run_production —   iot_realtime_20260424T120144_batch034.parquet              100 rows
2026-04-24 18:50:23 [INFO] run_production —   iot_realtime_20260424T120322_batch035.parquet              100 rows
2026-04-24 18:50:23 [INFO] run_production —   iot_realtime_20260424T120500_batch036.parquet              100 rows
2026-04-24 18:50:23 [INFO] run_production —   iot_realtime_20260424T120636_batch037.parquet              100 rows
2026-04-24 18:50:23 [INFO] run_production —   iot_realtime_20260424T120812_batch038.parquet              100 rows
2026-04-24 18:50:23 [INFO] run_production —   iot_realtime_20260424T120950_batch039.parquet              100 rows
2026-04-24 18:50:23 [INFO] run_production —   iot_realtime_20260424T121129_batch040.parquet              100 rows
2026-04-24 18:50:23 [INFO] run_production —   iot_realtime_20260424T121521_batch001.parquet              100 rows
2026-04-24 18:50:23 [INFO] run_production —   iot_realtime_20260424T121659_batch002.parquet              100 rows
2026-04-24 18:50:23 [INFO] run_production —   iot_realtime_20260424T121835_batch003.parquet              100 rows
2026-04-24 18:50:23 [INFO] run_production —   iot_realtime_20260424T122211_batch001.parquet              100 rows
2026-04-24 18:50:23 [INFO] run_production —   iot_realtime_20260424T122347_batch002.parquet              100 rows
2026-04-24 18:50:23 [INFO] run_production —   iot_realtime_20260424T122525_batch003.parquet              100 rows
2026-04-24 18:50:23 [INFO] run_production —   iot_realtime_20260424T122700_batch004.parquet              100 rows
2026-04-24 18:50:23 [INFO] run_production —   iot_realtime_20260424T122837_batch005.parquet              100 rows
2026-04-24 18:50:23 [INFO] run_production —   iot_realtime_20260424T123014_batch006.parquet              100 rows
2026-04-24 18:50:23 [INFO] run_production —   iot_realtime_20260424T123151_batch007.parquet              100 rows
2026-04-24 18:50:23 [INFO] run_production —   iot_realtime_20260424T123327_batch008.parquet              100 rows
2026-04-24 18:50:23 [INFO] run_production —   iot_realtime_20260424T123506_batch009.parquet              100 rows
2026-04-24 18:50:23 [INFO] run_production —   iot_realtime_20260424T123643_batch010.parquet              100 rows
2026-04-24 18:50:23 [INFO] run_production —   iot_realtime_20260424T123819_batch011.parquet              100 rows
2026-04-24 18:50:23 [INFO] run_production —   iot_realtime_20260424T123957_batch012.parquet              100 rows
2026-04-24 18:50:23 [INFO] run_production —   iot_realtime_20260424T124134_batch013.parquet              100 rows
2026-04-24 18:50:23 [INFO] run_production —   iot_realtime_20260424T124310_batch014.parquet              100 rows
2026-04-24 18:50:23 [INFO] run_production —   iot_realtime_20260424T124447_batch015.parquet              100 rows
2026-04-24 18:50:23 [INFO] run_production —   iot_realtime_20260424T124625_batch016.parquet              100 rows
2026-04-24 18:50:23 [INFO] run_production —   iot_realtime_20260424T124803_batch017.parquet              100 rows
2026-04-24 18:50:23 [INFO] run_production —   iot_realtime_20260424T124940_batch018.parquet              100 rows
2026-04-24 18:50:23 [INFO] run_production —   iot_realtime_20260424T125116_batch019.parquet              100 rows
2026-04-24 18:50:23 [INFO] run_production —   iot_realtime_20260424T125253_batch020.parquet              100 rows
2026-04-24 18:50:23 [INFO] run_production —   iot_realtime_20260424T125432_batch021.parquet              100 rows
2026-04-24 18:50:23 [INFO] run_production —   iot_realtime_20260424T125608_batch022.parquet              100 rows
2026-04-24 18:50:23 [INFO] run_production —   iot_realtime_20260424T125747_batch023.parquet              100 rows
2026-04-24 18:50:23 [INFO] run_production —   iot_realtime_20260424T130153_batch024.parquet              100 rows
2026-04-24 18:50:23 [INFO] run_production —   iot_realtime_20260424T130331_batch025.parquet              100 rows
2026-04-24 18:50:23 [INFO] run_production —   iot_realtime_20260424T130507_batch026.parquet              100 rows
2026-04-24 18:50:23 [INFO] run_production —   iot_realtime_20260424T130646_batch027.parquet              100 rows
2026-04-24 18:50:23 [INFO] run_production —   iot_realtime_20260424T130826_batch028.parquet              100 rows
2026-04-24 18:50:23 [INFO] run_production —   iot_realtime_20260424T131003_batch029.parquet              100 rows
2026-04-24 18:50:23 [INFO] run_production —   iot_realtime_20260424T131141_batch030.parquet              100 rows
2026-04-24 18:50:23 [INFO] run_production —   iot_realtime_20260424T131318_batch031.parquet              100 rows
2026-04-24 18:50:23 [INFO] run_production —   iot_realtime_20260424T131456_batch032.parquet              100 rows
2026-04-24 18:50:23 [INFO] run_production —   iot_realtime_20260424T131630_batch033.parquet              100 rows
2026-04-24 18:50:23 [INFO] run_production —   iot_realtime_20260424T131807_batch034.parquet              100 rows
2026-04-24 18:50:23 [INFO] run_production —   iot_realtime_20260424T131943_batch035.parquet              100 rows
2026-04-24 18:50:23 [INFO] run_production —   iot_realtime_20260424T132121_batch036.parquet              100 rows
2026-04-24 18:50:23 [INFO] run_production —   iot_realtime_20260424T132258_batch037.parquet              100 rows
2026-04-24 18:50:23 [INFO] run_production —   iot_realtime_20260424T132435_batch038.parquet              100 rows
2026-04-24 18:50:23 [INFO] run_production —   iot_realtime_20260424T132609_batch039.parquet              100 rows
2026-04-24 18:50:23 [INFO] run_production —   iot_realtime_20260424T132747_batch040.parquet              100 rows
2026-04-24 18:50:23 [INFO] run_production —   iot_realtime_20260424T132926_batch041.parquet              100 rows
2026-04-24 18:50:23 [INFO] run_production —   iot_realtime_20260424T133104_batch042.parquet              100 rows
2026-04-24 18:50:23 [INFO] run_production —   iot_realtime_20260424T133241_batch043.parquet              100 rows
2026-04-24 18:50:23 [INFO] run_production —   iot_realtime_20260424T133602_batch001.parquet              100 rows
2026-04-24 18:50:23 [INFO] run_production —   iot_realtime_20260424T133739_batch002.parquet              100 rows
2026-04-24 18:50:23 [INFO] run_production —   iot_realtime_20260424T133917_batch003.parquet              100 rows
2026-04-24 18:50:23 [INFO] run_production —   iot_realtime_20260424T134055_batch004.parquet              100 rows
2026-04-24 18:50:23 [INFO] run_production —   iot_realtime_20260424T134234_batch005.parquet              100 rows
2026-04-24 18:50:23 [INFO] run_production —   iot_realtime_20260424T134411_batch006.parquet              100 rows
2026-04-24 18:50:23 [INFO] run_production —   iot_realtime_20260424T134548_batch007.parquet              100 rows
2026-04-24 18:50:23 [INFO] run_production —   iot_realtime_20260424T134723_batch008.parquet              100 rows
2026-04-24 18:50:23 [INFO] run_production —   iot_realtime_20260424T134901_batch009.parquet              100 rows
2026-04-24 18:50:23 [INFO] run_production —   iot_stream_20260405T124554_batch001.parquet                100 rows
2026-04-24 18:50:23 [INFO] run_production —   iot_stream_20260405T124554_batch002.parquet                100 rows
2026-04-24 18:50:23 [INFO] run_production —   iot_stream_20260405T124554_batch003.parquet                 95 rows
2026-04-24 18:50:23 [INFO] run_production —   iot_stream_20260405T124702_batch001.parquet                100 rows
2026-04-24 18:50:23 [INFO] run_production —   iot_stream_20260405T124702_batch002.parquet                100 rows
2026-04-24 18:50:23 [INFO] run_production —   iot_stream_20260405T124702_batch003.parquet                 94 rows
2026-04-24 18:50:23 [INFO] run_production —   iot_stream_20260405T142908_batch001.parquet                100 rows
2026-04-24 18:50:23 [INFO] run_production —   iot_stream_20260405T142908_batch002.parquet                100 rows
2026-04-24 18:50:23 [INFO] run_production —   iot_stream_20260405T142908_batch003.parquet                 89 rows
2026-04-24 18:50:23 [INFO] run_production —   iot_stream_20260405T143202_batch001.parquet                100 rows
2026-04-24 18:50:23 [INFO] run_production —   iot_stream_20260405T143202_batch002.parquet                100 rows
2026-04-24 18:50:23 [INFO] run_production —   iot_stream_20260405T143202_batch003.parquet                 89 rows
2026-04-24 18:50:23 [INFO] run_production —   iot_stream_20260405T144321_batch001.parquet                100 rows
2026-04-24 18:50:23 [INFO] run_production —   iot_stream_20260405T144321_batch002.parquet                100 rows
2026-04-24 18:50:23 [INFO] run_production —   iot_stream_20260405T144321_batch003.parquet                 94 rows
2026-04-24 18:50:23 [INFO] run_production —   iot_stream_20260407T043850_batch001.parquet                100 rows
2026-04-24 18:50:23 [INFO] run_production —   iot_stream_20260407T043850_batch002.parquet                100 rows
2026-04-24 18:50:24 [INFO] run_production —   iot_stream_20260407T043850_batch003.parquet                 89 rows
2026-04-24 18:50:24 [INFO] run_production —   iot_stream_20260411T104740_batch001.parquet                100 rows
2026-04-24 18:50:24 [INFO] run_production —   iot_stream_20260411T104740_batch002.parquet                100 rows
2026-04-24 18:50:24 [INFO] run_production —   iot_stream_20260411T104740_batch003.parquet                 84 rows
2026-04-24 18:50:24 [INFO] run_production — 
2026-04-24 18:50:24 [INFO] run_production —   -- Ingestion Status --
2026-04-24 18:50:25 [INFO] run_production —   Streaming: 339 files, 33834 events ingested
2026-04-24 18:50:25 [INFO] run_production — 
2026-04-24 18:50:25 [INFO] run_production —   -- Telemetry Summary --
2026-04-24 18:50:25 [INFO] run_production —   Persisted telemetry jobs: 1434
2026-04-24 18:50:25 [INFO] run_production —   Telemetry sources: ['src_inventory_transactions', 'src_legacy_trends', 'src_manufacturing_logs', 'src_sales_history', 'src_warehouse_master', 'src_weather_api']
2026-04-24 18:50:25 [INFO] run_production — 
2026-04-24 18:50:25 [INFO] run_production —   -- Source Configuration & Next Ingestion --
2026-04-24 18:50:25 [INFO] run_production —   src_warehouse_master      | file   | pull | daily     | Next: 0d 10h
2026-04-24 18:50:25 [INFO] run_production —   src_manufacturing_logs    | file   | pull | daily     | Next: 0d 10h
2026-04-24 18:50:25 [INFO] run_production —   src_sales_history         | file   | pull | daily     | Next: 0d 10h
2026-04-24 18:50:25 [INFO] run_production —   src_legacy_trends         | file   | pull | weekly    | Next: 2d 10h
2026-04-24 18:50:25 [INFO] run_production —   src_inventory_transactions | db     | pull | every_2_minutes | Next: 1m 34s
2026-04-24 18:50:25 [INFO] run_production —   src_iot_rfid_stream       | stream | push | real_time | Next: Continuous
2026-04-24 18:50:25 [INFO] run_production —   src_weather_api           | api    | pull | every_2_minutes | Next: 1m 34s
2026-04-24 18:50:25 [INFO] run_production — 
2026-04-24 18:50:25 [INFO] run_production —   -- Log File Summary --
2026-04-24 18:50:25 [INFO] run_production —   Log file: logs\run_production_20260424_185020.log
2026-04-24 18:50:25 [INFO] run_production —   Total lines: 403
2026-04-24 18:50:25 [INFO] run_production —   INFO: 403, WARNING: 0, ERROR: 0
2026-04-24 18:50:25 [INFO] run_production —   Last 5 lines:
2026-04-24 18:50:25 [INFO] run_production —     2026-04-24 18:50:25 [INFO] run_production —   src_inventory_transactions | db     | pull | every_2_minutes | Next: 1m 34s
2026-04-24 18:50:25 [INFO] run_production —     2026-04-24 18:50:25 [INFO] run_production —   src_iot_rfid_stream       | stream | push | real_time | Next: Continuous
2026-04-24 18:50:25 [INFO] run_production —     2026-04-24 18:50:25 [INFO] run_production —   src_weather_api           | api    | pull | every_2_minutes | Next: 1m 34s
2026-04-24 18:50:25 [INFO] run_production —     2026-04-24 18:50:25 [INFO] run_production —
2026-04-24 18:50:25 [INFO] run_production —     2026-04-24 18:50:25 [INFO] run_production —   -- Log File Summary --
2026-04-24 18:50:25 [INFO] run_production — ======================================================================
2026-04-24 18:50:25 [INFO] run_production — 
2026-04-24 18:50:25 [INFO] run_production — 
2026-04-24 18:50:25 [INFO] run_production — ======================================================================
2026-04-24 18:50:25 [INFO] run_production — 
2026-04-24 18:50:25 [INFO] run_production — ======================================================================
2026-04-24 18:50:25 [INFO] run_production — 
2026-04-24 18:50:25 [INFO] run_production —   PHASE: BATCH INGESTION: Load raw sources via API
2026-04-24 18:50:25 [INFO] run_production — ======================================================================
2026-04-24 18:50:25 [INFO] run_production — Production startup complete. API, batch ingestion, IoT consumer, weather scheduler, DB ingestion scheduler, and dashboard are running.
2026-04-24 18:50:25 [INFO] run_production —   PHASE: WEATHER SCHEDULER: Weather ingestion every 120s
2026-04-24 18:50:25 [INFO] run_production — ======================================================================
2026-04-24 18:50:25 [INFO] run_production — ======================================================================
2026-04-24 18:50:25 [INFO] run_production — Preparing batch ingestion for 4 file-based source(s)
2026-04-24 18:50:25 [INFO] run_production — ======================================================================
2026-04-24 18:50:25 [INFO] run_production —   PHASE: DB INGESTION SCHEDULER: Database ingestion every 120s
2026-04-24 18:50:25 [INFO] run_production —   PHASE: IOT CONSUMER: Real-time IoT ingestion
2026-04-24 18:50:25 [INFO] run_production — Using local API endpoint for ingestion: http://127.0.0.1:8000
2026-04-24 18:50:25 [INFO] run_production — [SCHEDULER][WEATHER] Starting run #1
2026-04-24 18:50:25 [INFO] run_production — [WEATHER] Starting weather API ingestion cycle
2026-04-24 18:50:25 [INFO] run_production — ======================================================================
2026-04-24 18:50:25 [INFO] run_production — ======================================================================
2026-04-24 18:50:25 [INFO] run_production — Starting IoT consumer...
2026-04-24 18:50:25 [INFO] batch_ingest —   ── API Ingestion for src_weather_api ──
2026-04-24 18:50:25 [INFO] run_production — API health check passed
2026-04-24 18:50:25 [INFO] run_production — Loading data from storage/raw/warehouse_master.csv for src_warehouse_master
2026-04-24 18:50:25 [INFO] run_production — [SCHEDULER][DB] Starting DB ingestion run #1
2026-04-24 18:50:25 [INFO] observability_plane.telemetry — [TELEMETRY][job_src_inventory_transactions_1777038625] ▶  Job started at 2026-04-24T13:50:25.354383+00:00
2026-04-24 18:50:25 [INFO] db_ingest — 
2026-04-24 18:50:25 [INFO] db_ingest — ══════════════════════════════════════════════════════════════════════
2026-04-24 18:50:25 [INFO] db_ingest —   DB INGESTION START (CDC) | source=src_inventory_transactions | job=job_src_inventory_transactions_1777038625
2026-04-24 18:50:25 [INFO] db_ingest —   contract=contract_inventory_txn_v1 | violation_policy=quarantine
2026-04-24 18:50:25 [INFO] db_ingest — ══════════════════════════════════════════════════════════════════════
2026-04-24 18:50:25 [INFO] db_ingest —   [CDC] Loading checkpoint: FIRST RUN (no checkpoint)
2026-04-24 18:50:25 [INFO] db_ingest —   [DB] Retrieved 0 records from simulated database
2026-04-24 18:50:25 [INFO] db_ingest —   [DB] No new records to ingest. Checkpoint already up-to-date.
2026-04-24 18:50:25 [INFO] observability_plane.telemetry — [TELEMETRY][job_src_inventory_transactions_1777038625] ⏹  Job ended at 2026-04-24T13:50:25.361061+00:00 | Duration: 0.01s
2026-04-24 18:50:25 [INFO] observability_plane.telemetry — [TELEMETRY][job_src_inventory_transactions_1777038625] ⏹  Job ended at 2026-04-24T13:50:25.362472+00:00 | Duration: 0.01s
2026-04-24 18:50:25 [INFO] db_ingest — 
2026-04-24 18:50:25 [INFO] db_ingest —   [TIMER] Duration: 0.0048s
2026-04-24 18:50:25 [INFO] observability_plane.telemetry — 
============================================================
2026-04-24 18:50:25 [INFO] observability_plane.telemetry —   TELEMETRY REPORT — job_src_inventory_transactions_1777038625
2026-04-24 18:50:25 [INFO] observability_plane.telemetry — ============================================================
2026-04-24 18:50:25 [INFO] run_production —   30000 rows loaded from raw file
2026-04-24 18:50:25 [INFO] observability_plane.telemetry —   job_id                              job_src_inventory_transactions_1777038625
2026-04-24 18:50:25 [INFO] observability_plane.telemetry —   source_id                           src_inventory_transactions
2026-04-24 18:50:25 [INFO] observability_plane.telemetry —   start_time                          2026-04-24T13:50:25.354381+00:00
2026-04-24 18:50:25 [INFO] observability_plane.telemetry —   end_time                            2026-04-24T13:50:25.362469+00:00
2026-04-24 18:50:25 [INFO] observability_plane.telemetry —   duration_seconds                    0.0081
2026-04-24 18:50:25 [INFO] observability_plane.telemetry —   records_ingested                    0
2026-04-24 18:50:25 [INFO] observability_plane.telemetry —   records_failed                      0
2026-04-24 18:50:25 [INFO] observability_plane.telemetry —   records_quarantined                 0
2026-04-24 18:50:25 [INFO] observability_plane.telemetry —   records_coerced                     0
2026-04-24 18:50:25 [INFO] observability_plane.telemetry —   throughput_rec_sec                  0.0
2026-04-24 18:50:25 [INFO] observability_plane.telemetry —   avg_ingestion_latency_sec           0.0
2026-04-24 18:50:25 [INFO] observability_plane.telemetry —   processing_lag_sec                  0.0081
2026-04-24 18:50:25 [INFO] observability_plane.telemetry —   storage_summary                     {'ingested': {'file_count': 0, 'bytes': 0}, 'quarantine': {'file_count': 0, 'bytes': 0}, 'cdc_log': {'file_count': 0, 'bytes': 0}, 'micro_batch': {'file_count': 0, 'bytes': 0}, 'stream_buffer': {'file_count': 0, 'bytes': 0}, 'checkpoints': {'file_count': 0, 'bytes': 0}}
2026-04-24 18:50:25 [INFO] observability_plane.telemetry —   file_count_per_partition            0
2026-04-24 18:50:25 [INFO] observability_plane.telemetry —   snapshot_count                      0
2026-04-24 18:50:25 [INFO] observability_plane.telemetry — ============================================================

2026-04-24 18:50:25 [INFO] run_production —   Batch ingestion request sent for src_warehouse_master (1000 records) -> job_id=41f457e9-7927-4bed-b00f-8d870d251d86
2026-04-24 18:50:25 [INFO] run_production — [SCHEDULER][DB] Completed run #1 | ingested=0 failed=0 quarantined=0 coerced=0
2026-04-24 18:50:25 [INFO] run_production — [SCHEDULER][DB] Next run in 120s
2026-04-24 18:50:25 [INFO] run_production —   Batch ingestion request sent for src_warehouse_master (1000 records) -> job_id=4a98e43e-eb87-4f3b-ad80-bf70acedd7e3
2026-04-24 18:50:25 [INFO] run_production —   Batch ingestion request sent for src_warehouse_master (1000 records) -> job_id=60477540-85e2-480b-aa7c-15644082d77d
2026-04-24 18:50:25 [INFO] run_production —   Batch ingestion request sent for src_warehouse_master (1000 records) -> job_id=b05139ba-4070-4a34-8715-0f7cd6bd7341
2026-04-24 18:50:25 [INFO] run_production —   Batch ingestion request sent for src_warehouse_master (1000 records) -> job_id=d5ddcf97-e742-4aee-af18-df1a42ec32e4
2026-04-24 18:50:25 [INFO] run_production —   Batch ingestion request sent for src_warehouse_master (1000 records) -> job_id=55d141a6-16da-4784-8f4e-cec94bac4dc2
2026-04-24 18:50:25 [INFO] run_production —   Batch ingestion request sent for src_warehouse_master (1000 records) -> job_id=8f4d45fc-94d1-439c-977c-1903696d11e6
2026-04-24 18:50:25 [INFO] run_production —   Batch ingestion request sent for src_warehouse_master (1000 records) -> job_id=d7d8f34a-d2e7-4ac8-9cd6-db05759d8e9c
2026-04-24 18:50:25 [INFO] run_production —   Batch ingestion request sent for src_warehouse_master (1000 records) -> job_id=04668cd7-2e84-4486-9b1e-f3ce2a163a7b
2026-04-24 18:50:25 [INFO] real_time_iot_ingest — 
2026-04-24 18:50:25 [INFO] real_time_iot_ingest — ▶▶▶▶▶▶▶▶▶▶▶▶▶▶▶▶▶▶▶▶▶▶▶▶▶▶▶▶▶▶▶▶▶▶▶▶▶▶▶▶▶▶▶▶▶▶▶▶▶▶▶▶▶▶▶▶▶▶▶▶▶▶▶▶▶▶▶▶▶▶
2026-04-24 18:50:25 [INFO] real_time_iot_ingest —   REAL-TIME IOT INGESTION | job=job_iot_realtime_1777038625
2026-04-24 18:50:25 [INFO] real_time_iot_ingest —   flush_every=100 events
2026-04-24 18:50:25 [INFO] real_time_iot_ingest — ▶▶▶▶▶▶▶▶▶▶▶▶▶▶▶▶▶▶▶▶▶▶▶▶▶▶▶▶▶▶▶▶▶▶▶▶▶▶▶▶▶▶▶▶▶▶▶▶▶▶▶▶▶▶▶▶▶▶▶▶▶▶▶▶▶▶▶▶▶▶
2026-04-24 18:50:25 [INFO] run_production —   Batch ingestion request sent for src_warehouse_master (1000 records) -> job_id=813fc01f-3558-4cf9-ae35-a19651b300fa
2026-04-24 18:50:25 [INFO] observability_plane.telemetry — [TELEMETRY][job_iot_realtime_1777038625] ▶  Job started at 2026-04-24T13:50:25.710421+00:00
2026-04-24 18:50:25 [INFO] kafka_consumer — Attempting to connect to Kafka (attempt 1/15) using ['kafka:9092', 'localhost:9092', '127.0.0.1:9092']
2026-04-24 18:50:25 [INFO] kafka.conn — <BrokerConnection client_id=kafka-python-2.3.1, node_id=bootstrap-0 host=localhost:9092 <connecting> [IPv6 ('::1', 9092, 0, 0)]>: connecting to localhost:9092 [('::1', 9092, 0, 0) IPv6]
2026-04-24 18:50:25 [INFO] run_production —   Batch ingestion request sent for src_warehouse_master (1000 records) -> job_id=3d05a29b-1bf4-4d80-aa27-fa7d1d32a3e6
2026-04-24 18:50:25 [INFO] kafka.conn — <BrokerConnection client_id=kafka-python-2.3.1, node_id=bootstrap-0 host=localhost:9092 <checking_api_versions_recv> [IPv6 ('::1', 9092, 0, 0)]>: Broker version identified as 2.6
2026-04-24 18:50:25 [INFO] kafka.conn — <BrokerConnection client_id=kafka-python-2.3.1, node_id=bootstrap-0 host=localhost:9092 <connected> [IPv6 ('::1', 9092, 0, 0)]>: Connection complete.
2026-04-24 18:50:25 [INFO] kafka.consumer.subscription_state — Updating subscribed topics to: ('supply_chain_inventory',)
2026-04-24 18:50:25 [INFO] kafka_consumer — Successfully connected to Kafka
2026-04-24 18:50:25 [INFO] observability_plane.telemetry — [TELEMETRY][streaming_job] ▶  Job started at 2026-04-24T13:50:25.739119+00:00
2026-04-24 18:50:25 [INFO] run_production —   Batch ingestion request sent for src_warehouse_master (1000 records) -> job_id=8b1d8c64-9410-4963-bf28-2bf9f287a17a
2026-04-24 18:50:25 [INFO] run_production —   Batch ingestion request sent for src_warehouse_master (1000 records) -> job_id=60e4558b-05dd-4628-8b31-2f2af979e37f
2026-04-24 18:50:25 [INFO] run_production —   Batch ingestion request sent for src_warehouse_master (1000 records) -> job_id=c8204fec-6195-4083-a2ec-763ec293d465
2026-04-24 18:50:25 [INFO] run_production —   Batch ingestion request sent for src_warehouse_master (1000 records) -> job_id=768fd5ae-276a-4cbf-adb3-9c95ce78da05
2026-04-24 18:50:25 [INFO] run_production —   Batch ingestion request sent for src_warehouse_master (1000 records) -> job_id=f30f514f-d81c-4da7-93f7-358b5b41bf47
2026-04-24 18:50:25 [INFO] run_production —   Batch ingestion request sent for src_warehouse_master (1000 records) -> job_id=2909801c-258b-497c-bad7-a84c50e17214
2026-04-24 18:50:25 [INFO] run_production —   Batch ingestion request sent for src_warehouse_master (1000 records) -> job_id=c6a8a6a3-8d1a-42b3-a65e-de118afaeb43
2026-04-24 18:50:25 [INFO] run_production —   Batch ingestion request sent for src_warehouse_master (1000 records) -> job_id=694d8630-850f-4de2-882d-8de07d981450
2026-04-24 18:50:25 [INFO] run_production —   Batch ingestion request sent for src_warehouse_master (1000 records) -> job_id=bef0fc73-5210-4f99-ac5b-34bccb45573f
2026-04-24 18:50:25 [INFO] run_production —   Batch ingestion request sent for src_warehouse_master (1000 records) -> job_id=2647e799-4a5c-43fa-adb9-80cc0b1be498
2026-04-24 18:50:25 [INFO] run_production —   Batch ingestion request sent for src_warehouse_master (1000 records) -> job_id=b0783907-21a6-4b99-8618-d6c3bcbb6019
2026-04-24 18:50:25 [INFO] run_production —   Batch ingestion request sent for src_warehouse_master (1000 records) -> job_id=fccbdc0f-2dc6-48c4-948e-5d9bc30b4340
2026-04-24 18:50:25 [INFO] run_production —   Batch ingestion request sent for src_warehouse_master (1000 records) -> job_id=74f2ed74-9796-46ed-915e-46f731bf2f00
2026-04-24 18:50:25 [INFO] run_production —   Batch ingestion request sent for src_warehouse_master (1000 records) -> job_id=e98af6bd-38dc-4449-9404-73cc2910cb09
2026-04-24 18:50:26 [INFO] run_production —   Batch ingestion request sent for src_warehouse_master (1000 records) -> job_id=bb3e1d4f-edcd-4957-92c9-a6c9d4a8a8db
2026-04-24 18:50:26 [INFO] run_production —   Batch ingestion request sent for src_warehouse_master (1000 records) -> job_id=851a5cdb-c69f-4cd8-97ef-cf4a709d1bfd
2026-04-24 18:50:26 [INFO] run_production —   Batch ingestion request sent for src_warehouse_master (1000 records) -> job_id=b40186a0-4037-4c61-bc84-038dec90f09e
2026-04-24 18:50:26 [INFO] run_production —   Batch ingestion request sent for src_warehouse_master (1000 records) -> job_id=626c8e11-48bb-4f67-af76-1fe93a530c7f
2026-04-24 18:50:26 [INFO] run_production —   Batch ingestion request sent for src_warehouse_master (1000 records) -> job_id=d617c4f3-24cb-42c2-9711-6ff49a1b3969
2026-04-24 18:50:26 [INFO] run_production — Completed batch submission for src_warehouse_master: 30 request(s)
2026-04-24 18:50:26 [INFO] run_production — Loading data from storage/raw/manufacturing_logs.csv for src_manufacturing_logs
2026-04-24 18:50:26 [INFO] observability_plane.telemetry — [TELEMETRY][job_src_weather_api_1777038626] ▶  Job started at 2026-04-24T13:50:26.126832+00:00
2026-04-24 18:50:26 [INFO] batch_ingest — 
2026-04-24 18:50:26 [INFO] batch_ingest — ══════════════════════════════════════════════════════════════════════
2026-04-24 18:50:26 [INFO] batch_ingest —   INGESTION START | source=src_weather_api | job=job_src_weather_api_1777038626
2026-04-24 18:50:26 [INFO] batch_ingest —   contract=contract_weather_v1 | violation_policy=quarantine
2026-04-24 18:50:26 [INFO] batch_ingest —   dedup_key=None | output_suffix=''
2026-04-24 18:50:26 [INFO] run_production —   30000 rows loaded from raw file
2026-04-24 18:50:26 [INFO] batch_ingest — ══════════════════════════════════════════════════════════════════════
2026-04-24 18:50:26 [INFO] batch_ingest —   [LOAD] Micro-batch slice: 1 rows provided via df_override
2026-04-24 18:50:26 [INFO] batch_ingest — [PASS] source=src_weather_api | row=1 | key=row_1 | contract=contract_weather_v1 | policy=quarantine | norm_changes=0
2026-04-24 18:50:26 [INFO] run_production —   Batch ingestion request sent for src_manufacturing_logs (1000 records) -> job_id=22d4cbd7-329f-4756-a2fb-86110d58823f
2026-04-24 18:50:26 [INFO] batch_ingest —   [WRITE]  1 records → storage/ingested\src_weather_api.parquet
2026-04-24 18:50:26 [INFO] batch_ingest —   [DETAIL LOG] 1 record entries → storage/ingested/detail_logs\src_weather_api_record_log.jsonl
2026-04-24 18:50:26 [INFO] observability_plane.telemetry — [TELEMETRY][job_src_weather_api_1777038626] ⏹  Job ended at 2026-04-24T13:50:26.399033+00:00 | Duration: 0.27s
2026-04-24 18:50:26 [INFO] batch_ingest — 
2026-04-24 18:50:26 [INFO] run_production —   Batch ingestion request sent for src_manufacturing_logs (1000 records) -> job_id=dde58e62-4824-4b2b-987e-d22f5b4968bd
2026-04-24 18:50:26 [INFO] batch_ingest —   [TIMER] source=src_weather_api | start=2026-04-24T13:50:26.134701+00:00 | end=2026-04-24T13:50:26.400168+00:00 | duration=0.2655s
2026-04-24 18:50:26 [INFO] observability_plane.telemetry — 
============================================================
2026-04-24 18:50:26 [INFO] observability_plane.telemetry —   TELEMETRY REPORT — job_src_weather_api_1777038626
2026-04-24 18:50:26 [INFO] observability_plane.telemetry — ============================================================
2026-04-24 18:50:26 [INFO] observability_plane.telemetry —   job_id                              job_src_weather_api_1777038626
2026-04-24 18:50:26 [INFO] observability_plane.telemetry —   source_id                           src_weather_api
2026-04-24 18:50:26 [INFO] observability_plane.telemetry —   start_time                          2026-04-24T13:50:26.126830+00:00
2026-04-24 18:50:26 [INFO] observability_plane.telemetry —   end_time                            2026-04-24T13:50:26.399028+00:00
2026-04-24 18:50:26 [INFO] observability_plane.telemetry —   duration_seconds                    0.2722
2026-04-24 18:50:26 [INFO] observability_plane.telemetry —   records_ingested                    1
2026-04-24 18:50:26 [INFO] observability_plane.telemetry —   records_failed                      0
2026-04-24 18:50:26 [INFO] observability_plane.telemetry —   records_quarantined                 0
2026-04-24 18:50:26 [INFO] observability_plane.telemetry —   records_coerced                     0
2026-04-24 18:50:26 [INFO] observability_plane.telemetry —   throughput_rec_sec                  3.67
2026-04-24 18:50:26 [INFO] observability_plane.telemetry —   avg_ingestion_latency_sec           0.0
2026-04-24 18:50:26 [INFO] observability_plane.telemetry —   processing_lag_sec                  0.2722
2026-04-24 18:50:26 [INFO] observability_plane.telemetry —   storage_summary                     {'ingested': {'file_count': 1, 'bytes': 9178}, 'quarantine': {'file_count': 0, 'bytes': 0}, 'cdc_log': {'file_count': 0, 'bytes': 0}, 'micro_batch': {'file_count': 0, 'bytes': 0}, 'stream_buffer': {'file_count': 0, 'bytes': 0}, 'checkpoints': {'file_count': 0, 'bytes': 0}}
2026-04-24 18:50:26 [INFO] observability_plane.telemetry —   file_count_per_partition            1
2026-04-24 18:50:26 [INFO] observability_plane.telemetry —   snapshot_count                      1
2026-04-24 18:50:26 [INFO] observability_plane.telemetry — ============================================================

2026-04-24 18:50:26 [INFO] run_production —   Batch ingestion request sent for src_manufacturing_logs (1000 records) -> job_id=69cea1a6-c018-43fa-a788-0c204253e5a6
2026-04-24 18:50:26 [INFO] run_production —   Batch ingestion request sent for src_manufacturing_logs (1000 records) -> job_id=de87040d-96d1-4224-95ee-858f07c5c7c7
2026-04-24 18:50:26 [INFO] run_production —   Batch ingestion request sent for src_manufacturing_logs (1000 records) -> job_id=b8928e2e-ab21-4269-8907-950b90b34556
2026-04-24 18:50:26 [INFO] batch_ingest —   [API] Ingested 1 record from https://api.openweathermap.org/data/2.5/weather
2026-04-24 18:50:26 [INFO] run_production — [WEATHER] Completed cycle | ingested=1 failed=0 quarantined=0 coerced=0 duration=1.11s
2026-04-24 18:50:26 [INFO] run_production — [SCHEDULER][WEATHER] Completed run #1; next run in 120s
2026-04-24 18:50:26 [INFO] run_production —   Batch ingestion request sent for src_manufacturing_logs (1000 records) -> job_id=8f6b6db7-edb9-49b0-9260-5c51de2a9720
2026-04-24 18:50:26 [INFO] run_production —   Batch ingestion request sent for src_manufacturing_logs (1000 records) -> job_id=b9fb2227-573e-47b8-bc12-ab8d563102f8
2026-04-24 18:50:26 [INFO] run_production —   Batch ingestion request sent for src_manufacturing_logs (1000 records) -> job_id=e38e7204-7bc0-487b-a278-b6b48bc0a21a
2026-04-24 18:50:26 [INFO] run_production —   Batch ingestion request sent for src_manufacturing_logs (1000 records) -> job_id=bbe7dc4c-4f46-4a93-bdb1-21e2c97fcd9e
2026-04-24 18:50:26 [INFO] run_production —   Batch ingestion request sent for src_manufacturing_logs (1000 records) -> job_id=a4199aeb-d9cf-4dbc-bb22-2396f0cf4419
2026-04-24 18:50:26 [INFO] kafka.conn — <BrokerConnection client_id=kafka-python-2.3.1, node_id=1 host=kafka:9092 <connecting> [IPv4 ('20.119.84.212', 9092)]>: connecting to kafka:9092 [('20.119.84.212', 9092) IPv4]
2026-04-24 18:50:37 [INFO] run_production —   Batch ingestion request sent for src_manufacturing_logs (1000 records) -> job_id=b8204ac3-4add-4e7d-a873-97f121ed5d51
2026-04-24 18:50:38 [INFO] run_production —   Batch ingestion request sent for src_manufacturing_logs (1000 records) -> job_id=e649cecd-712d-4b26-88fb-37580d6d1365
2026-04-24 18:50:38 [INFO] run_production —   Batch ingestion request sent for src_manufacturing_logs (1000 records) -> job_id=6271d506-28ca-4901-8eb8-e5679918296a
2026-04-24 18:50:38 [INFO] run_production —   Batch ingestion request sent for src_manufacturing_logs (1000 records) -> job_id=18fa0da2-c2a1-4e9e-9787-f0f59f8680e4
2026-04-24 18:50:38 [INFO] run_production —   Batch ingestion request sent for src_manufacturing_logs (1000 records) -> job_id=bfa080cb-a66d-4e84-a977-2eb72a7cc639
2026-04-24 18:50:38 [INFO] run_production —   Batch ingestion request sent for src_manufacturing_logs (1000 records) -> job_id=9e2c178e-0365-4844-808d-33d0639392a6
2026-04-24 18:50:38 [INFO] run_production —   Batch ingestion request sent for src_manufacturing_logs (1000 records) -> job_id=ee14d47d-c5d9-42e7-94dc-d830c35192b1
2026-04-24 18:50:38 [INFO] run_production —   Batch ingestion request sent for src_manufacturing_logs (1000 records) -> job_id=3227fca6-916a-4eec-aa04-a5143c10e40b
2026-04-24 18:50:38 [INFO] run_production —   Batch ingestion request sent for src_manufacturing_logs (1000 records) -> job_id=8ed62f74-db74-46e4-83a4-3315b693e143
2026-04-24 18:50:38 [INFO] run_production —   Batch ingestion request sent for src_manufacturing_logs (1000 records) -> job_id=8c15399c-c3e5-42f8-9f14-a18b13c16ee6
2026-04-24 18:50:38 [INFO] run_production —   Batch ingestion request sent for src_manufacturing_logs (1000 records) -> job_id=a85e2f2b-5032-4ccb-acc3-509d6b6c8fa5
2026-04-24 18:50:39 [INFO] run_production —   Batch ingestion request sent for src_manufacturing_logs (1000 records) -> job_id=403dedd1-3c21-49a3-8d9f-2d668857e1b1
2026-04-24 18:50:39 [INFO] run_production —   Batch ingestion request sent for src_manufacturing_logs (1000 records) -> job_id=db3214cf-4031-4773-98d6-bd31ab0e53ef
2026-04-24 18:50:39 [INFO] run_production —   Batch ingestion request sent for src_manufacturing_logs (1000 records) -> job_id=0182cca1-5ffe-4f5d-a865-b34230612e9f
2026-04-24 18:50:39 [INFO] run_production —   Batch ingestion request sent for src_manufacturing_logs (1000 records) -> job_id=5915428c-127d-4678-80e6-ef10e9a24640
2026-04-24 18:50:39 [INFO] run_production — Shutting down production runner
