2026-04-24 18:50:45 [INFO] run_production — 
2026-04-24 18:50:45 [INFO] run_production — ======================================================================
2026-04-24 18:50:45 [INFO] run_production —   PRODUCTION STARTUP: Live API + Dashboard + Batch Ingestion
2026-04-24 18:50:45 [INFO] run_production — ======================================================================
2026-04-24 18:50:45 [INFO] run_production — Starting Supply Chain Ingestion Pipeline (Production Mode)
2026-04-24 18:50:45 [INFO] run_production — Registered sources: 7 | Starting production pipeline with live API and Kafka stream
2026-04-24 18:50:45 [INFO] run_production — Production endpoints: http://localhost:8000/health, /telemetry, /storage-summary, /dashboard-plots
2026-04-24 18:50:45 [INFO] run_production — 
2026-04-24 18:50:45 [INFO] run_production — ======================================================================
2026-04-24 18:50:45 [INFO] run_production —   PHASE: API SERVER: FastAPI startup
2026-04-24 18:50:45 [INFO] run_production — ======================================================================
2026-04-24 18:50:45 [INFO] run_production — Starting API server on http://0.0.0.0:8000 with auto-reload enabled
2026-04-24 18:50:47 [INFO] run_production — 
2026-04-24 18:50:47 [INFO] run_production — ======================================================================
2026-04-24 18:50:47 [INFO] run_production —   PRODUCTION DASHBOARD: Status & Health Summary
2026-04-24 18:50:47 [INFO] run_production — ======================================================================
2026-04-24 18:50:47 [INFO] run_production — 
2026-04-24 18:50:47 [INFO] run_production —   -- Storage Audit --
2026-04-24 18:50:47 [INFO] run_production —   Ingested (Parquet)               20 files    7579.1 KB
2026-04-24 18:50:47 [INFO] run_production —   Quarantine                        0 files       0.0 KB
2026-04-24 18:50:47 [INFO] run_production —   CDC Log                           2 files     622.8 KB
2026-04-24 18:50:47 [INFO] run_production —   Micro-Batch                       6 files     213.2 KB
2026-04-24 18:50:47 [INFO] run_production —   Stream Buffer                   340 files    9237.1 KB
2026-04-24 18:50:47 [INFO] run_production —   Checkpoints                       4 files       0.3 KB
2026-04-24 18:50:47 [INFO] run_production —   Detail Logs (JSONL)              11 files    2383.2 KB
2026-04-24 18:50:47 [INFO] run_production —   -------------------------------------------------------
2026-04-24 18:50:47 [INFO] run_production —   TOTAL                           383 files   20035.8 KB
2026-04-24 18:50:47 [INFO] run_production — 
2026-04-24 18:50:47 [INFO] run_production —   -- Parquet Row Counts --
2026-04-24 18:50:48 [INFO] run_production —   src_legacy_trends.parquet                                 6298 rows
2026-04-24 18:50:48 [INFO] run_production —   src_manufacturing_logs.parquet                           10000 rows
2026-04-24 18:50:48 [INFO] run_production —   src_manufacturing_logs_log_cdc_burst.parquet              5000 rows
2026-04-24 18:50:48 [INFO] run_production —   src_manufacturing_logs_ts_cdc_burst.parquet               5000 rows
2026-04-24 18:50:48 [INFO] run_production —   src_sales_history.parquet                                10000 rows
2026-04-24 18:50:48 [INFO] run_production —   src_sales_history_log_cdc_steady.parquet                   100 rows
2026-04-24 18:50:48 [INFO] run_production —   src_sales_history_ts_cdc_steady.parquet                    100 rows
2026-04-24 18:50:48 [INFO] run_production —   src_warehouse_master.parquet                             10000 rows
2026-04-24 18:50:48 [INFO] run_production —   src_weather_api.parquet                                      1 rows
2026-04-24 18:50:48 [INFO] run_production —   src_manufacturing_logs_burst_cdc.parquet                  5000 rows
2026-04-24 18:50:48 [INFO] run_production —   src_sales_history_steady_cdc.parquet                       100 rows
2026-04-24 18:50:48 [INFO] run_production —   src_manufacturing_logs_microbatch_001.parquet              200 rows
2026-04-24 18:50:48 [INFO] run_production —   src_manufacturing_logs_microbatch_002.parquet              200 rows
2026-04-24 18:50:48 [INFO] run_production —   src_manufacturing_logs_microbatch_003.parquet              200 rows
2026-04-24 18:50:48 [INFO] run_production —   src_sales_history_microbatch_001.parquet                   200 rows
2026-04-24 18:50:48 [INFO] run_production —   src_sales_history_microbatch_002.parquet                   200 rows
2026-04-24 18:50:48 [INFO] run_production —   src_sales_history_microbatch_003.parquet                   200 rows
2026-04-24 18:50:48 [INFO] run_production —   iot_realtime_20260412T074558_batch001.parquet              100 rows
2026-04-24 18:50:48 [INFO] run_production —   iot_realtime_20260412T074735_batch002.parquet              100 rows
2026-04-24 18:50:48 [INFO] run_production —   iot_realtime_20260412T074911_batch003.parquet              100 rows
2026-04-24 18:50:48 [INFO] run_production —   iot_realtime_20260412T075048_batch004.parquet              100 rows
2026-04-24 18:50:48 [INFO] run_production —   iot_realtime_20260412T075226_batch005.parquet              100 rows
2026-04-24 18:50:48 [INFO] run_production —   iot_realtime_20260412T075404_batch006.parquet              100 rows
2026-04-24 18:50:48 [INFO] run_production —   iot_realtime_20260412T075539_batch007.parquet              100 rows
2026-04-24 18:50:48 [INFO] run_production —   iot_realtime_20260412T075714_batch008.parquet              100 rows
2026-04-24 18:50:48 [INFO] run_production —   iot_realtime_20260412T075852_batch009.parquet              100 rows
2026-04-24 18:50:48 [INFO] run_production —   iot_realtime_20260412T080031_batch010.parquet              100 rows
2026-04-24 18:50:48 [INFO] run_production —   iot_realtime_20260412T080208_batch011.parquet              100 rows
2026-04-24 18:50:48 [INFO] run_production —   iot_realtime_20260412T083519_batch001.parquet              100 rows
2026-04-24 18:50:48 [INFO] run_production —   iot_realtime_20260412T083658_batch002.parquet              100 rows
2026-04-24 18:50:48 [INFO] run_production —   iot_realtime_20260412T090156_batch001.parquet              100 rows
2026-04-24 18:50:48 [INFO] run_production —   iot_realtime_20260412T090334_batch002.parquet              100 rows
2026-04-24 18:50:48 [INFO] run_production —   iot_realtime_20260412T090511_batch003.parquet              100 rows
2026-04-24 18:50:48 [INFO] run_production —   iot_realtime_20260412T090649_batch004.parquet              100 rows
2026-04-24 18:50:48 [INFO] run_production —   iot_realtime_20260412T090829_batch005.parquet              100 rows
2026-04-24 18:50:48 [INFO] run_production —   iot_realtime_20260412T091004_batch006.parquet              100 rows
2026-04-24 18:50:48 [INFO] run_production —   iot_realtime_20260412T091142_batch007.parquet              100 rows
2026-04-24 18:50:48 [INFO] run_production —   iot_realtime_20260412T091319_batch008.parquet              100 rows
2026-04-24 18:50:48 [INFO] run_production —   iot_realtime_20260412T091457_batch009.parquet              100 rows
2026-04-24 18:50:48 [INFO] run_production —   iot_realtime_20260412T091633_batch010.parquet              100 rows
2026-04-24 18:50:48 [INFO] run_production —   iot_realtime_20260412T091813_batch011.parquet              100 rows
2026-04-24 18:50:48 [INFO] run_production —   iot_realtime_20260412T091952_batch012.parquet              100 rows
2026-04-24 18:50:48 [INFO] run_production —   iot_realtime_20260412T092128_batch013.parquet              100 rows
2026-04-24 18:50:48 [INFO] run_production —   iot_realtime_20260412T092306_batch014.parquet              100 rows
2026-04-24 18:50:48 [INFO] run_production —   iot_realtime_20260412T092442_batch015.parquet              100 rows
2026-04-24 18:50:48 [INFO] run_production —   iot_realtime_20260412T095817_batch001.parquet              100 rows
2026-04-24 18:50:48 [INFO] run_production —   iot_realtime_20260412T095957_batch002.parquet              100 rows
2026-04-24 18:50:48 [INFO] run_production —   iot_realtime_20260412T100134_batch003.parquet              100 rows
2026-04-24 18:50:48 [INFO] run_production —   iot_realtime_20260412T100310_batch004.parquet              100 rows
2026-04-24 18:50:48 [INFO] run_production —   iot_realtime_20260412T100448_batch005.parquet              100 rows
2026-04-24 18:50:48 [INFO] run_production —   iot_realtime_20260412T100626_batch006.parquet              100 rows
2026-04-24 18:50:48 [INFO] run_production —   iot_realtime_20260412T100803_batch007.parquet              100 rows
2026-04-24 18:50:48 [INFO] run_production —   iot_realtime_20260412T104056_batch001.parquet              100 rows
2026-04-24 18:50:48 [INFO] run_production —   iot_realtime_20260412T104234_batch002.parquet              100 rows
2026-04-24 18:50:48 [INFO] run_production —   iot_realtime_20260412T104410_batch003.parquet              100 rows
2026-04-24 18:50:48 [INFO] run_production —   iot_realtime_20260412T104550_batch004.parquet              100 rows
2026-04-24 18:50:48 [INFO] run_production —   iot_realtime_20260412T113418_batch001.parquet              100 rows
2026-04-24 18:50:48 [INFO] run_production —   iot_realtime_20260412T113554_batch002.parquet              100 rows
2026-04-24 18:50:48 [INFO] run_production —   iot_realtime_20260412T113731_batch003.parquet              100 rows
2026-04-24 18:50:48 [INFO] run_production —   iot_realtime_20260412T113908_batch004.parquet              100 rows
2026-04-24 18:50:48 [INFO] run_production —   iot_realtime_20260412T114046_batch005.parquet              100 rows
2026-04-24 18:50:48 [INFO] run_production —   iot_realtime_20260412T114225_batch006.parquet              100 rows
2026-04-24 18:50:48 [INFO] run_production —   iot_realtime_20260412T114404_batch007.parquet              100 rows
2026-04-24 18:50:48 [INFO] run_production —   iot_realtime_20260412T114540_batch008.parquet              100 rows
2026-04-24 18:50:48 [INFO] run_production —   iot_realtime_20260412T114715_batch009.parquet              100 rows
2026-04-24 18:50:48 [INFO] run_production —   iot_realtime_20260412T114850_batch010.parquet              100 rows
2026-04-24 18:50:48 [INFO] run_production —   iot_realtime_20260412T115024_batch011.parquet              100 rows
2026-04-24 18:50:48 [INFO] run_production —   iot_realtime_20260412T115202_batch012.parquet              100 rows
2026-04-24 18:50:48 [INFO] run_production —   iot_realtime_20260412T115342_batch013.parquet              100 rows
2026-04-24 18:50:48 [INFO] run_production —   iot_realtime_20260412T115520_batch014.parquet              100 rows
2026-04-24 18:50:48 [INFO] run_production —   iot_realtime_20260412T115653_batch015.parquet              100 rows
2026-04-24 18:50:48 [INFO] run_production —   iot_realtime_20260412T115829_batch016.parquet              100 rows
2026-04-24 18:50:48 [INFO] run_production —   iot_realtime_20260412T120008_batch017.parquet              100 rows
2026-04-24 18:50:48 [INFO] run_production —   iot_realtime_20260412T130118_batch001.parquet              100 rows
2026-04-24 18:50:48 [INFO] run_production —   iot_realtime_20260412T130255_batch002.parquet              100 rows
2026-04-24 18:50:48 [INFO] run_production —   iot_realtime_20260412T130432_batch003.parquet              100 rows
2026-04-24 18:50:48 [INFO] run_production —   iot_realtime_20260412T130608_batch004.parquet              100 rows
2026-04-24 18:50:48 [INFO] run_production —   iot_realtime_20260412T130746_batch005.parquet              100 rows
2026-04-24 18:50:48 [INFO] run_production —   iot_realtime_20260412T130924_batch006.parquet              100 rows
2026-04-24 18:50:48 [INFO] run_production —   iot_realtime_20260412T133713_batch001.parquet              100 rows
2026-04-24 18:50:48 [INFO] run_production —   iot_realtime_20260412T133848_batch002.parquet              100 rows
2026-04-24 18:50:48 [INFO] run_production —   iot_realtime_20260412T134027_batch003.parquet              100 rows
2026-04-24 18:50:48 [INFO] run_production —   iot_realtime_20260412T134206_batch004.parquet              100 rows
2026-04-24 18:50:48 [INFO] run_production —   iot_realtime_20260412T134341_batch005.parquet              100 rows
2026-04-24 18:50:48 [INFO] run_production —   iot_realtime_20260412T134515_batch006.parquet              100 rows
2026-04-24 18:50:48 [INFO] run_production —   iot_realtime_20260412T134656_batch007.parquet              100 rows
2026-04-24 18:50:48 [INFO] run_production —   iot_realtime_20260412T134832_batch008.parquet              100 rows
2026-04-24 18:50:48 [INFO] run_production —   iot_realtime_20260412T135010_batch009.parquet              100 rows
2026-04-24 18:50:48 [INFO] run_production —   iot_realtime_20260412T135150_batch010.parquet              100 rows
2026-04-24 18:50:48 [INFO] run_production —   iot_realtime_20260412T135327_batch011.parquet              100 rows
2026-04-24 18:50:48 [INFO] run_production —   iot_realtime_20260412T142544_batch001.parquet              100 rows
2026-04-24 18:50:48 [INFO] run_production —   iot_realtime_20260412T142722_batch002.parquet              100 rows
2026-04-24 18:50:48 [INFO] run_production —   iot_realtime_20260412T142858_batch003.parquet              100 rows
2026-04-24 18:50:48 [INFO] run_production —   iot_realtime_20260412T143033_batch004.parquet              100 rows
2026-04-24 18:50:48 [INFO] run_production —   iot_realtime_20260412T143212_batch005.parquet              100 rows
2026-04-24 18:50:48 [INFO] run_production —   iot_realtime_20260412T143349_batch006.parquet              100 rows
2026-04-24 18:50:48 [INFO] run_production —   iot_realtime_20260412T143526_batch007.parquet              100 rows
2026-04-24 18:50:48 [INFO] run_production —   iot_realtime_20260412T143703_batch008.parquet              100 rows
2026-04-24 18:50:48 [INFO] run_production —   iot_realtime_20260412T143840_batch009.parquet              100 rows
2026-04-24 18:50:48 [INFO] run_production —   iot_realtime_20260412T144016_batch010.parquet              100 rows
2026-04-24 18:50:48 [INFO] run_production —   iot_realtime_20260412T144156_batch011.parquet              100 rows
2026-04-24 18:50:48 [INFO] run_production —   iot_realtime_20260412T144333_batch012.parquet              100 rows
2026-04-24 18:50:48 [INFO] run_production —   iot_realtime_20260412T144510_batch013.parquet              100 rows
2026-04-24 18:50:48 [INFO] run_production —   iot_realtime_20260412T144649_batch014.parquet              100 rows
2026-04-24 18:50:48 [INFO] run_production —   iot_realtime_20260412T144828_batch015.parquet              100 rows
2026-04-24 18:50:48 [INFO] run_production —   iot_realtime_20260412T145006_batch016.parquet              100 rows
2026-04-24 18:50:48 [INFO] run_production —   iot_realtime_20260412T145144_batch017.parquet              100 rows
2026-04-24 18:50:48 [INFO] run_production —   iot_realtime_20260412T145319_batch018.parquet              100 rows
2026-04-24 18:50:48 [INFO] run_production —   iot_realtime_20260412T145458_batch019.parquet              100 rows
2026-04-24 18:50:48 [INFO] run_production —   iot_realtime_20260412T145638_batch020.parquet              100 rows
2026-04-24 18:50:48 [INFO] run_production —   iot_realtime_20260412T145817_batch021.parquet              100 rows
2026-04-24 18:50:48 [INFO] run_production —   iot_realtime_20260412T145953_batch022.parquet              100 rows
2026-04-24 18:50:48 [INFO] run_production —   iot_realtime_20260412T150133_batch023.parquet              100 rows
2026-04-24 18:50:48 [INFO] run_production —   iot_realtime_20260412T150312_batch024.parquet              100 rows
2026-04-24 18:50:48 [INFO] run_production —   iot_realtime_20260412T150450_batch025.parquet              100 rows
2026-04-24 18:50:48 [INFO] run_production —   iot_realtime_20260412T150629_batch026.parquet              100 rows
2026-04-24 18:50:48 [INFO] run_production —   iot_realtime_20260412T150805_batch027.parquet              100 rows
2026-04-24 18:50:48 [INFO] run_production —   iot_realtime_20260412T150944_batch028.parquet              100 rows
2026-04-24 18:50:48 [INFO] run_production —   iot_realtime_20260412T151118_batch029.parquet              100 rows
2026-04-24 18:50:48 [INFO] run_production —   iot_realtime_20260412T151255_batch030.parquet              100 rows
2026-04-24 18:50:48 [INFO] run_production —   iot_realtime_20260412T151430_batch031.parquet              100 rows
2026-04-24 18:50:48 [INFO] run_production —   iot_realtime_20260412T151609_batch032.parquet              100 rows
2026-04-24 18:50:48 [INFO] run_production —   iot_realtime_20260412T151749_batch033.parquet              100 rows
2026-04-24 18:50:48 [INFO] run_production —   iot_realtime_20260412T151925_batch034.parquet              100 rows
2026-04-24 18:50:48 [INFO] run_production —   iot_realtime_20260412T152104_batch035.parquet              100 rows
2026-04-24 18:50:48 [INFO] run_production —   iot_realtime_20260412T152242_batch036.parquet              100 rows
2026-04-24 18:50:48 [INFO] run_production —   iot_realtime_20260412T152422_batch037.parquet              100 rows
2026-04-24 18:50:48 [INFO] run_production —   iot_realtime_20260412T152558_batch038.parquet              100 rows
2026-04-24 18:50:48 [INFO] run_production —   iot_realtime_20260412T152736_batch039.parquet              100 rows
2026-04-24 18:50:48 [INFO] run_production —   iot_realtime_20260424T033045_batch001.parquet              100 rows
2026-04-24 18:50:48 [INFO] run_production —   iot_realtime_20260424T033221_batch002.parquet              100 rows
2026-04-24 18:50:48 [INFO] run_production —   iot_realtime_20260424T033359_batch003.parquet              100 rows
2026-04-24 18:50:48 [INFO] run_production —   iot_realtime_20260424T033535_batch004.parquet              100 rows
2026-04-24 18:50:48 [INFO] run_production —   iot_realtime_20260424T033710_batch005.parquet              100 rows
2026-04-24 18:50:48 [INFO] run_production —   iot_realtime_20260424T033846_batch006.parquet              100 rows
2026-04-24 18:50:48 [INFO] run_production —   iot_realtime_20260424T034025_batch007.parquet              100 rows
2026-04-24 18:50:48 [INFO] run_production —   iot_realtime_20260424T034203_batch008.parquet              100 rows
2026-04-24 18:50:48 [INFO] run_production —   iot_realtime_20260424T034338_batch009.parquet              100 rows
2026-04-24 18:50:48 [INFO] run_production —   iot_realtime_20260424T034513_batch010.parquet              100 rows
2026-04-24 18:50:48 [INFO] run_production —   iot_realtime_20260424T034648_batch011.parquet              100 rows
2026-04-24 18:50:48 [INFO] run_production —   iot_realtime_20260424T034825_batch012.parquet              100 rows
2026-04-24 18:50:48 [INFO] run_production —   iot_realtime_20260424T035001_batch013.parquet              100 rows
2026-04-24 18:50:48 [INFO] run_production —   iot_realtime_20260424T035140_batch014.parquet              100 rows
2026-04-24 18:50:48 [INFO] run_production —   iot_realtime_20260424T035317_batch015.parquet              100 rows
2026-04-24 18:50:48 [INFO] run_production —   iot_realtime_20260424T035455_batch016.parquet              100 rows
2026-04-24 18:50:48 [INFO] run_production —   iot_realtime_20260424T035634_batch017.parquet              100 rows
2026-04-24 18:50:48 [INFO] run_production —   iot_realtime_20260424T035813_batch018.parquet              100 rows
2026-04-24 18:50:48 [INFO] run_production —   iot_realtime_20260424T035951_batch019.parquet              100 rows
2026-04-24 18:50:48 [INFO] run_production —   iot_realtime_20260424T040130_batch020.parquet              100 rows
2026-04-24 18:50:48 [INFO] run_production —   iot_realtime_20260424T040308_batch021.parquet              100 rows
2026-04-24 18:50:48 [INFO] run_production —   iot_realtime_20260424T040446_batch022.parquet              100 rows
2026-04-24 18:50:48 [INFO] run_production —   iot_realtime_20260424T040625_batch023.parquet              100 rows
2026-04-24 18:50:48 [INFO] run_production —   iot_realtime_20260424T040801_batch024.parquet              100 rows
2026-04-24 18:50:48 [INFO] run_production —   iot_realtime_20260424T040937_batch025.parquet              100 rows
2026-04-24 18:50:48 [INFO] run_production —   iot_realtime_20260424T041117_batch026.parquet              100 rows
2026-04-24 18:50:48 [INFO] run_production —   iot_realtime_20260424T041253_batch027.parquet              100 rows
2026-04-24 18:50:48 [INFO] run_production —   iot_realtime_20260424T041430_batch028.parquet              100 rows
2026-04-24 18:50:48 [INFO] run_production —   iot_realtime_20260424T041610_batch029.parquet              100 rows
2026-04-24 18:50:48 [INFO] run_production —   iot_realtime_20260424T041750_batch030.parquet              100 rows
2026-04-24 18:50:48 [INFO] run_production —   iot_realtime_20260424T041927_batch031.parquet              100 rows
2026-04-24 18:50:48 [INFO] run_production —   iot_realtime_20260424T042106_batch032.parquet              100 rows
2026-04-24 18:50:48 [INFO] run_production —   iot_realtime_20260424T042245_batch033.parquet              100 rows
2026-04-24 18:50:48 [INFO] run_production —   iot_realtime_20260424T042422_batch034.parquet              100 rows
2026-04-24 18:50:48 [INFO] run_production —   iot_realtime_20260424T054655_batch035.parquet              100 rows
2026-04-24 18:50:48 [INFO] run_production —   iot_realtime_20260424T054833_batch036.parquet              100 rows
2026-04-24 18:50:48 [INFO] run_production —   iot_realtime_20260424T055009_batch037.parquet              100 rows
2026-04-24 18:50:48 [INFO] run_production —   iot_realtime_20260424T055148_batch038.parquet              100 rows
2026-04-24 18:50:48 [INFO] run_production —   iot_realtime_20260424T080259_batch039.parquet              100 rows
2026-04-24 18:50:48 [INFO] run_production —   iot_realtime_20260424T080438_batch040.parquet              100 rows
2026-04-24 18:50:48 [INFO] run_production —   iot_realtime_20260424T080611_batch041.parquet              100 rows
2026-04-24 18:50:48 [INFO] run_production —   iot_realtime_20260424T080748_batch042.parquet              100 rows
2026-04-24 18:50:48 [INFO] run_production —   iot_realtime_20260424T080927_batch043.parquet              100 rows
2026-04-24 18:50:48 [INFO] run_production —   iot_realtime_20260424T081103_batch044.parquet              100 rows
2026-04-24 18:50:48 [INFO] run_production —   iot_realtime_20260424T081239_batch045.parquet              100 rows
2026-04-24 18:50:48 [INFO] run_production —   iot_realtime_20260424T081428_batch001.parquet              100 rows
2026-04-24 18:50:48 [INFO] run_production —   iot_realtime_20260424T081604_batch002.parquet              100 rows
2026-04-24 18:50:48 [INFO] run_production —   iot_realtime_20260424T081743_batch003.parquet              100 rows
2026-04-24 18:50:48 [INFO] run_production —   iot_realtime_20260424T081920_batch004.parquet              100 rows
2026-04-24 18:50:48 [INFO] run_production —   iot_realtime_20260424T082059_batch005.parquet              100 rows
2026-04-24 18:50:48 [INFO] run_production —   iot_realtime_20260424T082236_batch006.parquet              100 rows
2026-04-24 18:50:48 [INFO] run_production —   iot_realtime_20260424T082415_batch007.parquet              100 rows
2026-04-24 18:50:48 [INFO] run_production —   iot_realtime_20260424T082549_batch008.parquet              100 rows
2026-04-24 18:50:48 [INFO] run_production —   iot_realtime_20260424T082726_batch009.parquet              100 rows
2026-04-24 18:50:48 [INFO] run_production —   iot_realtime_20260424T082905_batch010.parquet              100 rows
2026-04-24 18:50:48 [INFO] run_production —   iot_realtime_20260424T083042_batch011.parquet              100 rows
2026-04-24 18:50:48 [INFO] run_production —   iot_realtime_20260424T083215_batch012.parquet              100 rows
2026-04-24 18:50:48 [INFO] run_production —   iot_realtime_20260424T083355_batch013.parquet              100 rows
2026-04-24 18:50:48 [INFO] run_production —   iot_realtime_20260424T083533_batch014.parquet              100 rows
2026-04-24 18:50:48 [INFO] run_production —   iot_realtime_20260424T083712_batch015.parquet              100 rows
2026-04-24 18:50:48 [INFO] run_production —   iot_realtime_20260424T083846_batch016.parquet              100 rows
2026-04-24 18:50:48 [INFO] run_production —   iot_realtime_20260424T084025_batch017.parquet              100 rows
2026-04-24 18:50:48 [INFO] run_production —   iot_realtime_20260424T084203_batch018.parquet              100 rows
2026-04-24 18:50:48 [INFO] run_production —   iot_realtime_20260424T084340_batch019.parquet              100 rows
2026-04-24 18:50:48 [INFO] run_production —   iot_realtime_20260424T084520_batch020.parquet              100 rows
2026-04-24 18:50:48 [INFO] run_production —   iot_realtime_20260424T084658_batch021.parquet              100 rows
2026-04-24 18:50:48 [INFO] run_production —   iot_realtime_20260424T084836_batch022.parquet              100 rows
2026-04-24 18:50:48 [INFO] run_production —   iot_realtime_20260424T092232_batch001.parquet              100 rows
2026-04-24 18:50:48 [INFO] run_production —   iot_realtime_20260424T092351_batch002.parquet              100 rows
2026-04-24 18:50:48 [INFO] run_production —   iot_realtime_20260424T092526_batch003.parquet              100 rows
2026-04-24 18:50:48 [INFO] run_production —   iot_realtime_20260424T092703_batch004.parquet              100 rows
2026-04-24 18:50:48 [INFO] run_production —   iot_realtime_20260424T092840_batch005.parquet              100 rows
2026-04-24 18:50:48 [INFO] run_production —   iot_realtime_20260424T093014_batch006.parquet              100 rows
2026-04-24 18:50:48 [INFO] run_production —   iot_realtime_20260424T093151_batch007.parquet              100 rows
2026-04-24 18:50:48 [INFO] run_production —   iot_realtime_20260424T093326_batch008.parquet              100 rows
2026-04-24 18:50:48 [INFO] run_production —   iot_realtime_20260424T093504_batch009.parquet              100 rows
2026-04-24 18:50:48 [INFO] run_production —   iot_realtime_20260424T093641_batch010.parquet              100 rows
2026-04-24 18:50:48 [INFO] run_production —   iot_realtime_20260424T093817_batch011.parquet              100 rows
2026-04-24 18:50:48 [INFO] run_production —   iot_realtime_20260424T093952_batch012.parquet              100 rows
2026-04-24 18:50:48 [INFO] run_production —   iot_realtime_20260424T094131_batch013.parquet              100 rows
2026-04-24 18:50:48 [INFO] run_production —   iot_realtime_20260424T094308_batch014.parquet              100 rows
2026-04-24 18:50:48 [INFO] run_production —   iot_realtime_20260424T094448_batch015.parquet              100 rows
2026-04-24 18:50:48 [INFO] run_production —   iot_realtime_20260424T094622_batch016.parquet              100 rows
2026-04-24 18:50:48 [INFO] run_production —   iot_realtime_20260424T094758_batch017.parquet              100 rows
2026-04-24 18:50:48 [INFO] run_production —   iot_realtime_20260424T094932_batch018.parquet              100 rows
2026-04-24 18:50:48 [INFO] run_production —   iot_realtime_20260424T095108_batch019.parquet              100 rows
2026-04-24 18:50:48 [INFO] run_production —   iot_realtime_20260424T095245_batch020.parquet              100 rows
2026-04-24 18:50:48 [INFO] run_production —   iot_realtime_20260424T095422_batch021.parquet              100 rows
2026-04-24 18:50:48 [INFO] run_production —   iot_realtime_20260424T095603_batch022.parquet              100 rows
2026-04-24 18:50:48 [INFO] run_production —   iot_realtime_20260424T095739_batch023.parquet              100 rows
2026-04-24 18:50:48 [INFO] run_production —   iot_realtime_20260424T095919_batch024.parquet              100 rows
2026-04-24 18:50:48 [INFO] run_production —   iot_realtime_20260424T100057_batch025.parquet              100 rows
2026-04-24 18:50:48 [INFO] run_production —   iot_realtime_20260424T100230_batch026.parquet              100 rows
2026-04-24 18:50:48 [INFO] run_production —   iot_realtime_20260424T102952_batch001.parquet              100 rows
2026-04-24 18:50:48 [INFO] run_production —   iot_realtime_20260424T103126_batch002.parquet              100 rows
2026-04-24 18:50:48 [INFO] run_production —   iot_realtime_20260424T103304_batch003.parquet              100 rows
2026-04-24 18:50:48 [INFO] run_production —   iot_realtime_20260424T103444_batch004.parquet              100 rows
2026-04-24 18:50:48 [INFO] run_production —   iot_realtime_20260424T103623_batch005.parquet              100 rows
2026-04-24 18:50:48 [INFO] run_production —   iot_realtime_20260424T103802_batch006.parquet              100 rows
2026-04-24 18:50:48 [INFO] run_production —   iot_realtime_20260424T103939_batch007.parquet              100 rows
2026-04-24 18:50:48 [INFO] run_production —   iot_realtime_20260424T104117_batch008.parquet              100 rows
2026-04-24 18:50:49 [INFO] run_production —   iot_realtime_20260424T104254_batch009.parquet              100 rows
2026-04-24 18:50:49 [INFO] run_production —   iot_realtime_20260424T104431_batch010.parquet              100 rows
2026-04-24 18:50:49 [INFO] run_production —   iot_realtime_20260424T104610_batch011.parquet              100 rows
2026-04-24 18:50:49 [INFO] run_production —   iot_realtime_20260424T104749_batch012.parquet              100 rows
2026-04-24 18:50:49 [INFO] run_production —   iot_realtime_20260424T105136_batch001.parquet              100 rows
2026-04-24 18:50:49 [INFO] run_production —   iot_realtime_20260424T105311_batch002.parquet              100 rows
2026-04-24 18:50:49 [INFO] run_production —   iot_realtime_20260424T105742_batch001.parquet              100 rows
2026-04-24 18:50:49 [INFO] run_production —   iot_realtime_20260424T105918_batch002.parquet              100 rows
2026-04-24 18:50:49 [INFO] run_production —   iot_realtime_20260424T110056_batch003.parquet              100 rows
2026-04-24 18:50:49 [INFO] run_production —   iot_realtime_20260424T110234_batch004.parquet              100 rows
2026-04-24 18:50:49 [INFO] run_production —   iot_realtime_20260424T110833_batch001.parquet              100 rows
2026-04-24 18:50:49 [INFO] run_production —   iot_realtime_20260424T111011_batch002.parquet              100 rows
2026-04-24 18:50:49 [INFO] run_production —   iot_realtime_20260424T111151_batch003.parquet              100 rows
2026-04-24 18:50:49 [INFO] run_production —   iot_realtime_20260424T111329_batch004.parquet              100 rows
2026-04-24 18:50:49 [INFO] run_production —   iot_realtime_20260424T111504_batch005.parquet              100 rows
2026-04-24 18:50:49 [INFO] run_production —   iot_realtime_20260424T111639_batch006.parquet              100 rows
2026-04-24 18:50:49 [INFO] run_production —   iot_realtime_20260424T111812_batch007.parquet              100 rows
2026-04-24 18:50:49 [INFO] run_production —   iot_realtime_20260424T111951_batch008.parquet              100 rows
2026-04-24 18:50:49 [INFO] run_production —   iot_realtime_20260424T112128_batch009.parquet              100 rows
2026-04-24 18:50:49 [INFO] run_production —   iot_realtime_20260424T112301_batch010.parquet              100 rows
2026-04-24 18:50:49 [INFO] run_production —   iot_realtime_20260424T112439_batch011.parquet              100 rows
2026-04-24 18:50:49 [INFO] run_production —   iot_realtime_20260424T112617_batch012.parquet              100 rows
2026-04-24 18:50:49 [INFO] run_production —   iot_realtime_20260424T112752_batch013.parquet              100 rows
2026-04-24 18:50:49 [INFO] run_production —   iot_realtime_20260424T112927_batch014.parquet              100 rows
2026-04-24 18:50:49 [INFO] run_production —   iot_realtime_20260424T113103_batch015.parquet              100 rows
2026-04-24 18:50:49 [INFO] run_production —   iot_realtime_20260424T113240_batch016.parquet              100 rows
2026-04-24 18:50:49 [INFO] run_production —   iot_realtime_20260424T113417_batch017.parquet              100 rows
2026-04-24 18:50:49 [INFO] run_production —   iot_realtime_20260424T113554_batch018.parquet              100 rows
2026-04-24 18:50:49 [INFO] run_production —   iot_realtime_20260424T113732_batch019.parquet              100 rows
2026-04-24 18:50:49 [INFO] run_production —   iot_realtime_20260424T113908_batch020.parquet              100 rows
2026-04-24 18:50:49 [INFO] run_production —   iot_realtime_20260424T114045_batch021.parquet              100 rows
2026-04-24 18:50:49 [INFO] run_production —   iot_realtime_20260424T114219_batch022.parquet              100 rows
2026-04-24 18:50:49 [INFO] run_production —   iot_realtime_20260424T114356_batch023.parquet              100 rows
2026-04-24 18:50:49 [INFO] run_production —   iot_realtime_20260424T114534_batch024.parquet              100 rows
2026-04-24 18:50:49 [INFO] run_production —   iot_realtime_20260424T114714_batch025.parquet              100 rows
2026-04-24 18:50:49 [INFO] run_production —   iot_realtime_20260424T114853_batch026.parquet              100 rows
2026-04-24 18:50:49 [INFO] run_production —   iot_realtime_20260424T115027_batch027.parquet              100 rows
2026-04-24 18:50:49 [INFO] run_production —   iot_realtime_20260424T115202_batch028.parquet              100 rows
2026-04-24 18:50:49 [INFO] run_production —   iot_realtime_20260424T115340_batch029.parquet              100 rows
2026-04-24 18:50:49 [INFO] run_production —   iot_realtime_20260424T115513_batch030.parquet              100 rows
2026-04-24 18:50:49 [INFO] run_production —   iot_realtime_20260424T115652_batch031.parquet              100 rows
2026-04-24 18:50:49 [INFO] run_production —   iot_realtime_20260424T115831_batch032.parquet              100 rows
2026-04-24 18:50:49 [INFO] run_production —   iot_realtime_20260424T120009_batch033.parquet              100 rows
2026-04-24 18:50:49 [INFO] run_production —   iot_realtime_20260424T120144_batch034.parquet              100 rows
2026-04-24 18:50:49 [INFO] run_production —   iot_realtime_20260424T120322_batch035.parquet              100 rows
2026-04-24 18:50:49 [INFO] run_production —   iot_realtime_20260424T120500_batch036.parquet              100 rows
2026-04-24 18:50:49 [INFO] run_production —   iot_realtime_20260424T120636_batch037.parquet              100 rows
2026-04-24 18:50:49 [INFO] run_production —   iot_realtime_20260424T120812_batch038.parquet              100 rows
2026-04-24 18:50:49 [INFO] run_production —   iot_realtime_20260424T120950_batch039.parquet              100 rows
2026-04-24 18:50:49 [INFO] run_production —   iot_realtime_20260424T121129_batch040.parquet              100 rows
2026-04-24 18:50:49 [INFO] run_production —   iot_realtime_20260424T121521_batch001.parquet              100 rows
2026-04-24 18:50:49 [INFO] run_production —   iot_realtime_20260424T121659_batch002.parquet              100 rows
2026-04-24 18:50:49 [INFO] run_production —   iot_realtime_20260424T121835_batch003.parquet              100 rows
2026-04-24 18:50:49 [INFO] run_production —   iot_realtime_20260424T122211_batch001.parquet              100 rows
2026-04-24 18:50:49 [INFO] run_production —   iot_realtime_20260424T122347_batch002.parquet              100 rows
2026-04-24 18:50:49 [INFO] run_production —   iot_realtime_20260424T122525_batch003.parquet              100 rows
2026-04-24 18:50:49 [INFO] run_production —   iot_realtime_20260424T122700_batch004.parquet              100 rows
2026-04-24 18:50:49 [INFO] run_production —   iot_realtime_20260424T122837_batch005.parquet              100 rows
2026-04-24 18:50:49 [INFO] run_production —   iot_realtime_20260424T123014_batch006.parquet              100 rows
2026-04-24 18:50:49 [INFO] run_production —   iot_realtime_20260424T123151_batch007.parquet              100 rows
2026-04-24 18:50:49 [INFO] run_production —   iot_realtime_20260424T123327_batch008.parquet              100 rows
2026-04-24 18:50:49 [INFO] run_production —   iot_realtime_20260424T123506_batch009.parquet              100 rows
2026-04-24 18:50:49 [INFO] run_production —   iot_realtime_20260424T123643_batch010.parquet              100 rows
2026-04-24 18:50:49 [INFO] run_production —   iot_realtime_20260424T123819_batch011.parquet              100 rows
2026-04-24 18:50:49 [INFO] run_production —   iot_realtime_20260424T123957_batch012.parquet              100 rows
2026-04-24 18:50:49 [INFO] run_production —   iot_realtime_20260424T124134_batch013.parquet              100 rows
2026-04-24 18:50:49 [INFO] run_production —   iot_realtime_20260424T124310_batch014.parquet              100 rows
2026-04-24 18:50:49 [INFO] run_production —   iot_realtime_20260424T124447_batch015.parquet              100 rows
2026-04-24 18:50:49 [INFO] run_production —   iot_realtime_20260424T124625_batch016.parquet              100 rows
2026-04-24 18:50:49 [INFO] run_production —   iot_realtime_20260424T124803_batch017.parquet              100 rows
2026-04-24 18:50:49 [INFO] run_production —   iot_realtime_20260424T124940_batch018.parquet              100 rows
2026-04-24 18:50:49 [INFO] run_production —   iot_realtime_20260424T125116_batch019.parquet              100 rows
2026-04-24 18:50:49 [INFO] run_production —   iot_realtime_20260424T125253_batch020.parquet              100 rows
2026-04-24 18:50:49 [INFO] run_production —   iot_realtime_20260424T125432_batch021.parquet              100 rows
2026-04-24 18:50:49 [INFO] run_production —   iot_realtime_20260424T125608_batch022.parquet              100 rows
2026-04-24 18:50:49 [INFO] run_production —   iot_realtime_20260424T125747_batch023.parquet              100 rows
2026-04-24 18:50:49 [INFO] run_production —   iot_realtime_20260424T130153_batch024.parquet              100 rows
2026-04-24 18:50:49 [INFO] run_production —   iot_realtime_20260424T130331_batch025.parquet              100 rows
2026-04-24 18:50:49 [INFO] run_production —   iot_realtime_20260424T130507_batch026.parquet              100 rows
2026-04-24 18:50:49 [INFO] run_production —   iot_realtime_20260424T130646_batch027.parquet              100 rows
2026-04-24 18:50:49 [INFO] run_production —   iot_realtime_20260424T130826_batch028.parquet              100 rows
2026-04-24 18:50:49 [INFO] run_production —   iot_realtime_20260424T131003_batch029.parquet              100 rows
2026-04-24 18:50:49 [INFO] run_production —   iot_realtime_20260424T131141_batch030.parquet              100 rows
2026-04-24 18:50:49 [INFO] run_production —   iot_realtime_20260424T131318_batch031.parquet              100 rows
2026-04-24 18:50:49 [INFO] run_production —   iot_realtime_20260424T131456_batch032.parquet              100 rows
2026-04-24 18:50:49 [INFO] run_production —   iot_realtime_20260424T131630_batch033.parquet              100 rows
2026-04-24 18:50:49 [INFO] run_production —   iot_realtime_20260424T131807_batch034.parquet              100 rows
2026-04-24 18:50:49 [INFO] run_production —   iot_realtime_20260424T131943_batch035.parquet              100 rows
2026-04-24 18:50:49 [INFO] run_production —   iot_realtime_20260424T132121_batch036.parquet              100 rows
2026-04-24 18:50:49 [INFO] run_production —   iot_realtime_20260424T132258_batch037.parquet              100 rows
2026-04-24 18:50:49 [INFO] run_production —   iot_realtime_20260424T132435_batch038.parquet              100 rows
2026-04-24 18:50:49 [INFO] run_production —   iot_realtime_20260424T132609_batch039.parquet              100 rows
2026-04-24 18:50:49 [INFO] run_production —   iot_realtime_20260424T132747_batch040.parquet              100 rows
2026-04-24 18:50:49 [INFO] run_production —   iot_realtime_20260424T132926_batch041.parquet              100 rows
2026-04-24 18:50:49 [INFO] run_production —   iot_realtime_20260424T133104_batch042.parquet              100 rows
2026-04-24 18:50:49 [INFO] run_production —   iot_realtime_20260424T133241_batch043.parquet              100 rows
2026-04-24 18:50:49 [INFO] run_production —   iot_realtime_20260424T133602_batch001.parquet              100 rows
2026-04-24 18:50:49 [INFO] run_production —   iot_realtime_20260424T133739_batch002.parquet              100 rows
2026-04-24 18:50:49 [INFO] run_production —   iot_realtime_20260424T133917_batch003.parquet              100 rows
2026-04-24 18:50:49 [INFO] run_production —   iot_realtime_20260424T134055_batch004.parquet              100 rows
2026-04-24 18:50:49 [INFO] run_production —   iot_realtime_20260424T134234_batch005.parquet              100 rows
2026-04-24 18:50:49 [INFO] run_production —   iot_realtime_20260424T134411_batch006.parquet              100 rows
2026-04-24 18:50:49 [INFO] run_production —   iot_realtime_20260424T134548_batch007.parquet              100 rows
2026-04-24 18:50:49 [INFO] run_production —   iot_realtime_20260424T134723_batch008.parquet              100 rows
2026-04-24 18:50:49 [INFO] run_production —   iot_realtime_20260424T134901_batch009.parquet              100 rows
2026-04-24 18:50:49 [INFO] run_production —   iot_realtime_20260424T135037_batch010.parquet              100 rows
2026-04-24 18:50:49 [INFO] run_production —   iot_stream_20260405T124554_batch001.parquet                100 rows
2026-04-24 18:50:49 [INFO] run_production —   iot_stream_20260405T124554_batch002.parquet                100 rows
2026-04-24 18:50:49 [INFO] run_production —   iot_stream_20260405T124554_batch003.parquet                 95 rows
2026-04-24 18:50:49 [INFO] run_production —   iot_stream_20260405T124702_batch001.parquet                100 rows
2026-04-24 18:50:49 [INFO] run_production —   iot_stream_20260405T124702_batch002.parquet                100 rows
2026-04-24 18:50:49 [INFO] run_production —   iot_stream_20260405T124702_batch003.parquet                 94 rows
2026-04-24 18:50:49 [INFO] run_production —   iot_stream_20260405T142908_batch001.parquet                100 rows
2026-04-24 18:50:49 [INFO] run_production —   iot_stream_20260405T142908_batch002.parquet                100 rows
2026-04-24 18:50:49 [INFO] run_production —   iot_stream_20260405T142908_batch003.parquet                 89 rows
2026-04-24 18:50:49 [INFO] run_production —   iot_stream_20260405T143202_batch001.parquet                100 rows
2026-04-24 18:50:49 [INFO] run_production —   iot_stream_20260405T143202_batch002.parquet                100 rows
2026-04-24 18:50:49 [INFO] run_production —   iot_stream_20260405T143202_batch003.parquet                 89 rows
2026-04-24 18:50:49 [INFO] run_production —   iot_stream_20260405T144321_batch001.parquet                100 rows
2026-04-24 18:50:49 [INFO] run_production —   iot_stream_20260405T144321_batch002.parquet                100 rows
2026-04-24 18:50:49 [INFO] run_production —   iot_stream_20260405T144321_batch003.parquet                 94 rows
2026-04-24 18:50:49 [INFO] run_production —   iot_stream_20260407T043850_batch001.parquet                100 rows
2026-04-24 18:50:49 [INFO] run_production —   iot_stream_20260407T043850_batch002.parquet                100 rows
2026-04-24 18:50:49 [INFO] run_production —   iot_stream_20260407T043850_batch003.parquet                 89 rows
2026-04-24 18:50:49 [INFO] run_production —   iot_stream_20260411T104740_batch001.parquet                100 rows
2026-04-24 18:50:49 [INFO] run_production —   iot_stream_20260411T104740_batch002.parquet                100 rows
2026-04-24 18:50:49 [INFO] run_production —   iot_stream_20260411T104740_batch003.parquet                 84 rows
2026-04-24 18:50:49 [INFO] run_production — 
2026-04-24 18:50:49 [INFO] run_production —   -- Ingestion Status --
2026-04-24 18:50:50 [INFO] run_production —   Streaming: 340 files, 33934 events ingested
2026-04-24 18:50:50 [INFO] run_production — 
2026-04-24 18:50:50 [INFO] run_production —   -- Telemetry Summary --
2026-04-24 18:50:50 [INFO] run_production —   Persisted telemetry jobs: 1492
2026-04-24 18:50:50 [INFO] run_production —   Telemetry sources: ['src_inventory_transactions', 'src_legacy_trends', 'src_manufacturing_logs', 'src_sales_history', 'src_warehouse_master', 'src_weather_api']
2026-04-24 18:50:50 [INFO] run_production — 
2026-04-24 18:50:50 [INFO] run_production —   -- Source Configuration & Next Ingestion --
2026-04-24 18:50:50 [INFO] run_production —   src_warehouse_master      | file   | pull | daily     | Next: 0d 10h
2026-04-24 18:50:50 [INFO] run_production —   src_manufacturing_logs    | file   | pull | daily     | Next: 0d 10h
2026-04-24 18:50:50 [INFO] run_production —   src_sales_history         | file   | pull | daily     | Next: 0d 10h
2026-04-24 18:50:50 [INFO] run_production —   src_legacy_trends         | file   | pull | weekly    | Next: 2d 10h
2026-04-24 18:50:50 [INFO] run_production —   src_inventory_transactions | db     | pull | every_2_minutes | Next: 1m 9s
2026-04-24 18:50:50 [INFO] run_production —   src_iot_rfid_stream       | stream | push | real_time | Next: Continuous
2026-04-24 18:50:50 [INFO] run_production —   src_weather_api           | api    | pull | every_2_minutes | Next: 1m 9s
2026-04-24 18:50:50 [INFO] run_production — 
2026-04-24 18:50:50 [INFO] run_production —   -- Log File Summary --
2026-04-24 18:50:50 [INFO] run_production —   Log file: logs\run_production_20260424_185045.log
2026-04-24 18:50:50 [INFO] run_production —   Total lines: 404
2026-04-24 18:50:50 [INFO] run_production —   INFO: 404, WARNING: 0, ERROR: 0
2026-04-24 18:50:50 [INFO] run_production —   Last 5 lines:
2026-04-24 18:50:50 [INFO] run_production —     2026-04-24 18:50:50 [INFO] run_production —   src_inventory_transactions | db     | pull | every_2_minutes | Next: 1m 9s
2026-04-24 18:50:50 [INFO] run_production —     2026-04-24 18:50:50 [INFO] run_production —   src_iot_rfid_stream       | stream | push | real_time | Next: Continuous
2026-04-24 18:50:50 [INFO] run_production —     2026-04-24 18:50:50 [INFO] run_production —   src_weather_api           | api    | pull | every_2_minutes | Next: 1m 9s
2026-04-24 18:50:50 [INFO] run_production —     2026-04-24 18:50:50 [INFO] run_production —
2026-04-24 18:50:50 [INFO] run_production —     2026-04-24 18:50:50 [INFO] run_production —   -- Log File Summary --
2026-04-24 18:50:50 [INFO] run_production — ======================================================================
2026-04-24 18:50:50 [INFO] run_production — 
2026-04-24 18:50:50 [INFO] run_production — ======================================================================
2026-04-24 18:50:50 [INFO] run_production —   PHASE: BATCH INGESTION: Load raw sources via API
2026-04-24 18:50:50 [INFO] run_production — 
2026-04-24 18:50:50 [INFO] run_production — ======================================================================
2026-04-24 18:50:50 [INFO] run_production — ======================================================================
2026-04-24 18:50:50 [INFO] run_production — 
2026-04-24 18:50:50 [INFO] run_production — Preparing batch ingestion for 4 file-based source(s)
2026-04-24 18:50:50 [INFO] run_production —   PHASE: IOT CONSUMER: Real-time IoT ingestion
2026-04-24 18:50:50 [INFO] run_production — ======================================================================
2026-04-24 18:50:50 [INFO] run_production — 
2026-04-24 18:50:50 [INFO] run_production — ======================================================================
2026-04-24 18:50:50 [INFO] run_production — Using local API endpoint for ingestion: http://127.0.0.1:8000
2026-04-24 18:50:50 [INFO] run_production —   PHASE: WEATHER SCHEDULER: Weather ingestion every 120s
2026-04-24 18:50:50 [INFO] run_production — ======================================================================
2026-04-24 18:50:50 [INFO] run_production — Production startup complete. API, batch ingestion, IoT consumer, weather scheduler, DB ingestion scheduler, and dashboard are running.
2026-04-24 18:50:50 [INFO] run_production — Starting IoT consumer...
2026-04-24 18:50:50 [INFO] run_production — ======================================================================
2026-04-24 18:50:50 [INFO] run_production — [SCHEDULER][WEATHER] Starting run #1
2026-04-24 18:50:50 [INFO] run_production — [WEATHER] Starting weather API ingestion cycle
2026-04-24 18:50:50 [INFO] run_production —   PHASE: DB INGESTION SCHEDULER: Database ingestion every 120s
2026-04-24 18:50:50 [INFO] run_production — ======================================================================
2026-04-24 18:50:50 [INFO] batch_ingest —   ── API Ingestion for src_weather_api ──
2026-04-24 18:50:50 [INFO] run_production — [SCHEDULER][DB] Starting DB ingestion run #1
2026-04-24 18:50:50 [INFO] observability_plane.telemetry — [TELEMETRY][job_src_inventory_transactions_1777038650] ▶  Job started at 2026-04-24T13:50:50.710300+00:00
2026-04-24 18:50:50 [INFO] run_production — API health check passed
2026-04-24 18:50:50 [INFO] run_production — Loading data from storage/raw/warehouse_master.csv for src_warehouse_master
2026-04-24 18:50:50 [INFO] db_ingest — 
2026-04-24 18:50:50 [INFO] db_ingest — ══════════════════════════════════════════════════════════════════════
2026-04-24 18:50:50 [INFO] db_ingest —   DB INGESTION START (CDC) | source=src_inventory_transactions | job=job_src_inventory_transactions_1777038650
2026-04-24 18:50:50 [INFO] db_ingest —   contract=contract_inventory_txn_v1 | violation_policy=quarantine
2026-04-24 18:50:50 [INFO] db_ingest — ══════════════════════════════════════════════════════════════════════
2026-04-24 18:50:50 [INFO] db_ingest —   [CDC] Loading checkpoint: FIRST RUN (no checkpoint)
2026-04-24 18:50:50 [INFO] db_ingest —   [DB] Retrieved 0 records from simulated database
2026-04-24 18:50:50 [INFO] db_ingest —   [DB] No new records to ingest. Checkpoint already up-to-date.
2026-04-24 18:50:50 [INFO] observability_plane.telemetry — [TELEMETRY][job_src_inventory_transactions_1777038650] ⏹  Job ended at 2026-04-24T13:50:50.718000+00:00 | Duration: 0.01s
2026-04-24 18:50:50 [INFO] observability_plane.telemetry — [TELEMETRY][job_src_inventory_transactions_1777038650] ⏹  Job ended at 2026-04-24T13:50:50.719797+00:00 | Duration: 0.01s
2026-04-24 18:50:50 [INFO] db_ingest — 
2026-04-24 18:50:50 [INFO] db_ingest —   [TIMER] Duration: 0.0041s
2026-04-24 18:50:50 [INFO] observability_plane.telemetry — 
============================================================
2026-04-24 18:50:50 [INFO] observability_plane.telemetry —   TELEMETRY REPORT — job_src_inventory_transactions_1777038650
2026-04-24 18:50:50 [INFO] observability_plane.telemetry — ============================================================
2026-04-24 18:50:50 [INFO] observability_plane.telemetry —   job_id                              job_src_inventory_transactions_1777038650
2026-04-24 18:50:50 [INFO] observability_plane.telemetry —   source_id                           src_inventory_transactions
2026-04-24 18:50:50 [INFO] observability_plane.telemetry —   start_time                          2026-04-24T13:50:50.710298+00:00
2026-04-24 18:50:50 [INFO] observability_plane.telemetry —   end_time                            2026-04-24T13:50:50.719793+00:00
2026-04-24 18:50:50 [INFO] observability_plane.telemetry —   duration_seconds                    0.0095
2026-04-24 18:50:50 [INFO] observability_plane.telemetry —   records_ingested                    0
2026-04-24 18:50:50 [INFO] observability_plane.telemetry —   records_failed                      0
2026-04-24 18:50:50 [INFO] observability_plane.telemetry —   records_quarantined                 0
2026-04-24 18:50:50 [INFO] observability_plane.telemetry —   records_coerced                     0
2026-04-24 18:50:50 [INFO] observability_plane.telemetry —   throughput_rec_sec                  0.0
2026-04-24 18:50:50 [INFO] observability_plane.telemetry —   avg_ingestion_latency_sec           0.0
2026-04-24 18:50:50 [INFO] observability_plane.telemetry —   processing_lag_sec                  0.0095
2026-04-24 18:50:50 [INFO] observability_plane.telemetry —   storage_summary                     {'ingested': {'file_count': 0, 'bytes': 0}, 'quarantine': {'file_count': 0, 'bytes': 0}, 'cdc_log': {'file_count': 0, 'bytes': 0}, 'micro_batch': {'file_count': 0, 'bytes': 0}, 'stream_buffer': {'file_count': 0, 'bytes': 0}, 'checkpoints': {'file_count': 0, 'bytes': 0}}
2026-04-24 18:50:50 [INFO] run_production —   30000 rows loaded from raw file
2026-04-24 18:50:50 [INFO] observability_plane.telemetry —   file_count_per_partition            0
2026-04-24 18:50:50 [INFO] observability_plane.telemetry —   snapshot_count                      0
2026-04-24 18:50:50 [INFO] observability_plane.telemetry — ============================================================

2026-04-24 18:50:50 [INFO] run_production —   Batch ingestion request sent for src_warehouse_master (1000 records) -> job_id=efc3432d-2396-4a6a-8ebd-05f5cbb1c0c9
2026-04-24 18:50:50 [INFO] run_production —   Batch ingestion request sent for src_warehouse_master (1000 records) -> job_id=cf5e2e18-58f9-470a-9795-3df11767081e
2026-04-24 18:50:50 [INFO] run_production — [SCHEDULER][DB] Completed run #1 | ingested=0 failed=0 quarantined=0 coerced=0
2026-04-24 18:50:50 [INFO] run_production — [SCHEDULER][DB] Next run in 120s
2026-04-24 18:50:50 [INFO] run_production —   Batch ingestion request sent for src_warehouse_master (1000 records) -> job_id=44403e56-6b8e-4f2e-b14d-22076e98281d
2026-04-24 18:50:50 [INFO] run_production —   Batch ingestion request sent for src_warehouse_master (1000 records) -> job_id=9d3efef7-51a2-40db-bf43-752ac34b5380
2026-04-24 18:50:50 [INFO] run_production —   Batch ingestion request sent for src_warehouse_master (1000 records) -> job_id=ca38ea9b-6db3-4c55-9b0e-fdd6c908df46
2026-04-24 18:50:50 [INFO] run_production —   Batch ingestion request sent for src_warehouse_master (1000 records) -> job_id=49deec9a-23a9-48a5-9949-52947ef5e062
2026-04-24 18:50:50 [INFO] run_production —   Batch ingestion request sent for src_warehouse_master (1000 records) -> job_id=b6ada486-a57e-479f-aca6-80532b7a3af7
2026-04-24 18:50:50 [INFO] run_production —   Batch ingestion request sent for src_warehouse_master (1000 records) -> job_id=1dc58bd9-66af-4f5c-8495-4d14d5e50451
2026-04-24 18:50:50 [INFO] run_production —   Batch ingestion request sent for src_warehouse_master (1000 records) -> job_id=bc725035-4dad-4718-8fff-2e017f59608e
2026-04-24 18:50:51 [INFO] run_production —   Batch ingestion request sent for src_warehouse_master (1000 records) -> job_id=89fc2f60-2c27-4d7e-b6cd-69d77fcb5bd2
2026-04-24 18:50:51 [INFO] run_production —   Batch ingestion request sent for src_warehouse_master (1000 records) -> job_id=a04a8d89-360b-426e-b38a-4fa7943085b4
2026-04-24 18:50:51 [INFO] run_production —   Batch ingestion request sent for src_warehouse_master (1000 records) -> job_id=e84aa3e7-a0fb-49c6-8d4f-e87d05561cb8
2026-04-24 18:50:51 [INFO] real_time_iot_ingest — 
2026-04-24 18:50:51 [INFO] real_time_iot_ingest — ▶▶▶▶▶▶▶▶▶▶▶▶▶▶▶▶▶▶▶▶▶▶▶▶▶▶▶▶▶▶▶▶▶▶▶▶▶▶▶▶▶▶▶▶▶▶▶▶▶▶▶▶▶▶▶▶▶▶▶▶▶▶▶▶▶▶▶▶▶▶
2026-04-24 18:50:51 [INFO] run_production —   Batch ingestion request sent for src_warehouse_master (1000 records) -> job_id=6f2bb560-8ab8-4785-8e9d-bc07c7a2270a
2026-04-24 18:50:51 [INFO] real_time_iot_ingest —   REAL-TIME IOT INGESTION | job=job_iot_realtime_1777038651
2026-04-24 18:50:51 [INFO] real_time_iot_ingest —   flush_every=100 events
2026-04-24 18:50:51 [INFO] real_time_iot_ingest — ▶▶▶▶▶▶▶▶▶▶▶▶▶▶▶▶▶▶▶▶▶▶▶▶▶▶▶▶▶▶▶▶▶▶▶▶▶▶▶▶▶▶▶▶▶▶▶▶▶▶▶▶▶▶▶▶▶▶▶▶▶▶▶▶▶▶▶▶▶▶
2026-04-24 18:50:51 [INFO] observability_plane.telemetry — [TELEMETRY][job_iot_realtime_1777038651] ▶  Job started at 2026-04-24T13:50:51.045491+00:00
2026-04-24 18:50:51 [INFO] kafka_consumer — Attempting to connect to Kafka (attempt 1/15) using ['kafka:9092', 'localhost:9092', '127.0.0.1:9092']
2026-04-24 18:50:51 [INFO] run_production —   Batch ingestion request sent for src_warehouse_master (1000 records) -> job_id=75c561f8-5f4c-4fda-b857-7cde7c113b61
2026-04-24 18:50:51 [INFO] run_production —   Batch ingestion request sent for src_warehouse_master (1000 records) -> job_id=24833ca6-62f7-447e-98c4-fc9e7e5fa840
2026-04-24 18:50:51 [INFO] run_production —   Batch ingestion request sent for src_warehouse_master (1000 records) -> job_id=def6bd86-a034-4a50-ab93-ec60d0a6dc77
2026-04-24 18:50:51 [INFO] run_production —   Batch ingestion request sent for src_warehouse_master (1000 records) -> job_id=427bf160-8df7-4a46-90c3-c3c2afa36f6a
2026-04-24 18:50:51 [INFO] run_production —   Batch ingestion request sent for src_warehouse_master (1000 records) -> job_id=e21ccd79-9ffc-482a-ba80-2fce8a0f024b
2026-04-24 18:50:51 [INFO] run_production —   Batch ingestion request sent for src_warehouse_master (1000 records) -> job_id=f8b9efed-8cdf-48cc-82c7-2067cf4fa601
2026-04-24 18:50:51 [INFO] run_production —   Batch ingestion request sent for src_warehouse_master (1000 records) -> job_id=02f937ff-c5f8-4ea1-9af9-5d63a11247cb
2026-04-24 18:50:51 [INFO] run_production —   Batch ingestion request sent for src_warehouse_master (1000 records) -> job_id=deed06aa-abf9-45e7-9815-18e2b5be4e7a
2026-04-24 18:50:51 [INFO] run_production —   Batch ingestion request sent for src_warehouse_master (1000 records) -> job_id=8593b91c-629b-48f4-9b6d-d044b97fd5e9
2026-04-24 18:50:51 [INFO] run_production —   Batch ingestion request sent for src_warehouse_master (1000 records) -> job_id=7813c3dd-c652-4c67-98da-17a4689aea38
2026-04-24 18:50:51 [INFO] run_production —   Batch ingestion request sent for src_warehouse_master (1000 records) -> job_id=cfc2f06d-6831-4f72-b3d7-66e23427964f
2026-04-24 18:50:51 [INFO] run_production —   Batch ingestion request sent for src_warehouse_master (1000 records) -> job_id=a9aea174-d3f5-4890-8571-00d59332cd7d
2026-04-24 18:50:51 [INFO] run_production —   Batch ingestion request sent for src_warehouse_master (1000 records) -> job_id=acceea16-0505-481d-a447-e61d495e7946
2026-04-24 18:50:51 [INFO] run_production —   Batch ingestion request sent for src_warehouse_master (1000 records) -> job_id=c71d8f91-42e3-49a8-9c3c-ad8cbe8d3160
2026-04-24 18:50:51 [INFO] run_production —   Batch ingestion request sent for src_warehouse_master (1000 records) -> job_id=46d80ba5-4cce-4444-a4c6-40762c0c648d
2026-04-24 18:50:51 [INFO] run_production —   Batch ingestion request sent for src_warehouse_master (1000 records) -> job_id=f95734ba-7a8e-4861-8243-31f1b27b3a3d
2026-04-24 18:50:51 [INFO] run_production —   Batch ingestion request sent for src_warehouse_master (1000 records) -> job_id=85f96c80-40c3-4702-bffa-f44f0403f042
2026-04-24 18:50:51 [INFO] run_production — Completed batch submission for src_warehouse_master: 30 request(s)
2026-04-24 18:50:51 [INFO] run_production — Loading data from storage/raw/manufacturing_logs.csv for src_manufacturing_logs
2026-04-24 18:50:51 [INFO] run_production —   30000 rows loaded from raw file
2026-04-24 18:50:51 [INFO] observability_plane.telemetry — [TELEMETRY][job_src_weather_api_1777038651] ▶  Job started at 2026-04-24T13:50:51.333783+00:00
2026-04-24 18:50:51 [INFO] batch_ingest — 
2026-04-24 18:50:51 [INFO] batch_ingest — ══════════════════════════════════════════════════════════════════════
2026-04-24 18:50:51 [INFO] batch_ingest —   INGESTION START | source=src_weather_api | job=job_src_weather_api_1777038651
2026-04-24 18:50:51 [INFO] batch_ingest —   contract=contract_weather_v1 | violation_policy=quarantine
2026-04-24 18:50:51 [INFO] batch_ingest —   dedup_key=None | output_suffix=''
2026-04-24 18:50:51 [INFO] batch_ingest — ══════════════════════════════════════════════════════════════════════
2026-04-24 18:50:51 [INFO] batch_ingest —   [LOAD] Micro-batch slice: 1 rows provided via df_override
2026-04-24 18:50:51 [INFO] batch_ingest — [PASS] source=src_weather_api | row=1 | key=row_1 | contract=contract_weather_v1 | policy=quarantine | norm_changes=0
2026-04-24 18:50:51 [INFO] run_production —   Batch ingestion request sent for src_manufacturing_logs (1000 records) -> job_id=483b945c-95da-4b47-8daf-5c682acff6ea
2026-04-24 18:50:51 [INFO] run_production —   Batch ingestion request sent for src_manufacturing_logs (1000 records) -> job_id=9ac87b3d-1967-43a3-a18d-b749458acffc
2026-04-24 18:50:51 [INFO] batch_ingest —   [WRITE]  1 records → storage/ingested\src_weather_api.parquet
2026-04-24 18:50:51 [INFO] batch_ingest —   [DETAIL LOG] 1 record entries → storage/ingested/detail_logs\src_weather_api_record_log.jsonl
2026-04-24 18:50:51 [INFO] observability_plane.telemetry — [TELEMETRY][job_src_weather_api_1777038651] ⏹  Job ended at 2026-04-24T13:50:51.387479+00:00 | Duration: 0.05s
2026-04-24 18:50:51 [INFO] batch_ingest — 
2026-04-24 18:50:51 [INFO] batch_ingest —   [TIMER] source=src_weather_api | start=2026-04-24T13:50:51.359781+00:00 | end=2026-04-24T13:50:51.387681+00:00 | duration=0.0279s
2026-04-24 18:50:51 [INFO] observability_plane.telemetry — 
============================================================
2026-04-24 18:50:51 [INFO] run_production —   Batch ingestion request sent for src_manufacturing_logs (1000 records) -> job_id=f5229c0e-eb90-4a2a-8fac-88c21296aefb
2026-04-24 18:50:51 [INFO] observability_plane.telemetry —   TELEMETRY REPORT — job_src_weather_api_1777038651
2026-04-24 18:50:51 [INFO] observability_plane.telemetry — ============================================================
2026-04-24 18:50:51 [INFO] observability_plane.telemetry —   job_id                              job_src_weather_api_1777038651
2026-04-24 18:50:51 [INFO] observability_plane.telemetry —   source_id                           src_weather_api
2026-04-24 18:50:51 [INFO] observability_plane.telemetry —   start_time                          2026-04-24T13:50:51.333781+00:00
2026-04-24 18:50:51 [INFO] observability_plane.telemetry —   end_time                            2026-04-24T13:50:51.387475+00:00
2026-04-24 18:50:51 [INFO] observability_plane.telemetry —   duration_seconds                    0.0537
2026-04-24 18:50:51 [INFO] observability_plane.telemetry —   records_ingested                    1
2026-04-24 18:50:51 [INFO] observability_plane.telemetry —   records_failed                      0
2026-04-24 18:50:51 [INFO] observability_plane.telemetry —   records_quarantined                 0
2026-04-24 18:50:51 [INFO] observability_plane.telemetry —   records_coerced                     0
2026-04-24 18:50:51 [INFO] observability_plane.telemetry —   throughput_rec_sec                  18.62
2026-04-24 18:50:51 [INFO] observability_plane.telemetry —   avg_ingestion_latency_sec           0.0
2026-04-24 18:50:51 [INFO] observability_plane.telemetry —   processing_lag_sec                  0.0537
2026-04-24 18:50:51 [INFO] observability_plane.telemetry —   storage_summary                     {'ingested': {'file_count': 1, 'bytes': 9178}, 'quarantine': {'file_count': 0, 'bytes': 0}, 'cdc_log': {'file_count': 0, 'bytes': 0}, 'micro_batch': {'file_count': 0, 'bytes': 0}, 'stream_buffer': {'file_count': 0, 'bytes': 0}, 'checkpoints': {'file_count': 0, 'bytes': 0}}
2026-04-24 18:50:51 [INFO] observability_plane.telemetry —   file_count_per_partition            1
2026-04-24 18:50:51 [INFO] observability_plane.telemetry —   snapshot_count                      1
2026-04-24 18:50:51 [INFO] observability_plane.telemetry — ============================================================

2026-04-24 18:50:51 [INFO] run_production —   Batch ingestion request sent for src_manufacturing_logs (1000 records) -> job_id=0f6c8a83-6082-407c-be2a-1ef2b8129801
2026-04-24 18:50:51 [INFO] run_production —   Batch ingestion request sent for src_manufacturing_logs (1000 records) -> job_id=bb8f93ea-d965-4f7a-a0c9-9a2824487488
2026-04-24 18:50:51 [INFO] batch_ingest —   [API] Ingested 1 record from https://api.openweathermap.org/data/2.5/weather
2026-04-24 18:50:51 [INFO] run_production — [WEATHER] Completed cycle | ingested=1 failed=0 quarantined=0 coerced=0 duration=0.73s
2026-04-24 18:50:51 [INFO] run_production — [SCHEDULER][WEATHER] Completed run #1; next run in 120s
2026-04-24 18:50:51 [INFO] run_production —   Batch ingestion request sent for src_manufacturing_logs (1000 records) -> job_id=1ffee67a-90e2-42bb-b6ee-678ae9ac011b
2026-04-24 18:50:51 [INFO] run_production —   Batch ingestion request sent for src_manufacturing_logs (1000 records) -> job_id=89f778ba-f1b8-45ac-98f2-57b3c77562c7
2026-04-24 18:50:51 [INFO] run_production —   Batch ingestion request sent for src_manufacturing_logs (1000 records) -> job_id=e17c57a8-cdfe-47b0-b5de-54018b5e7669
2026-04-24 18:50:51 [INFO] run_production —   Batch ingestion request sent for src_manufacturing_logs (1000 records) -> job_id=09bb230d-7bfb-4645-8ae5-03f90fa088b0
2026-04-24 18:50:51 [INFO] run_production —   Batch ingestion request sent for src_manufacturing_logs (1000 records) -> job_id=c3008e35-8412-4390-9823-8f24b011ae2a
2026-04-24 18:50:52 [INFO] kafka.conn — <BrokerConnection client_id=kafka-python-2.3.1, node_id=bootstrap-1 host=kafka:9092 <connecting> [IPv4 ('20.119.84.212', 9092)]>: connecting to kafka:9092 [('20.119.84.212', 9092) IPv4]
2026-04-24 18:50:53 [WARNING] kafka_consumer — Failed to connect to Kafka: NoBrokersAvailable. Retrying in 1 seconds...
2026-04-24 18:50:54 [INFO] kafka_consumer — Attempting to connect to Kafka (attempt 2/15) using ['kafka:9092', 'localhost:9092', '127.0.0.1:9092']
2026-04-24 18:50:54 [INFO] kafka.conn — <BrokerConnection client_id=kafka-python-2.3.1, node_id=bootstrap-1 host=localhost:9092 <connecting> [IPv6 ('::1', 9092, 0, 0)]>: connecting to localhost:9092 [('::1', 9092, 0, 0) IPv6]
2026-04-24 18:50:54 [INFO] kafka.conn — <BrokerConnection client_id=kafka-python-2.3.1, node_id=bootstrap-1 host=localhost:9092 <checking_api_versions_recv> [IPv6 ('::1', 9092, 0, 0)]>: Broker version identified as 2.6
2026-04-24 18:50:54 [INFO] kafka.conn — <BrokerConnection client_id=kafka-python-2.3.1, node_id=bootstrap-1 host=localhost:9092 <connected> [IPv6 ('::1', 9092, 0, 0)]>: Connection complete.
2026-04-24 18:50:54 [INFO] kafka.consumer.subscription_state — Updating subscribed topics to: ('supply_chain_inventory',)
2026-04-24 18:50:54 [INFO] kafka_consumer — Successfully connected to Kafka
2026-04-24 18:50:54 [INFO] observability_plane.telemetry — [TELEMETRY][streaming_job] ▶  Job started at 2026-04-24T13:50:54.068034+00:00
2026-04-24 18:50:54 [INFO] kafka.conn — <BrokerConnection client_id=kafka-python-2.3.1, node_id=1 host=kafka:9092 <connecting> [IPv4 ('20.119.84.212', 9092)]>: connecting to kafka:9092 [('20.119.84.212', 9092) IPv4]
2026-04-24 18:51:02 [INFO] run_production —   Batch ingestion request sent for src_manufacturing_logs (1000 records) -> job_id=81713537-d7c8-439c-8111-6d82a4873b47
2026-04-24 18:51:02 [INFO] run_production —   Batch ingestion request sent for src_manufacturing_logs (1000 records) -> job_id=e2fcb468-e6a0-4653-a081-381356bfc581
2026-04-24 18:51:02 [INFO] run_production —   Batch ingestion request sent for src_manufacturing_logs (1000 records) -> job_id=6ac16676-cef6-4cf7-a205-2a2f7a4e6f4c
2026-04-24 18:51:02 [INFO] run_production —   Batch ingestion request sent for src_manufacturing_logs (1000 records) -> job_id=5922a8ed-478a-4f02-98c3-edc40b1ae563
2026-04-24 18:51:02 [INFO] run_production —   Batch ingestion request sent for src_manufacturing_logs (1000 records) -> job_id=93aa7803-d69e-4f8a-8df7-a23dfcb552f9
2026-04-24 18:51:02 [INFO] run_production —   Batch ingestion request sent for src_manufacturing_logs (1000 records) -> job_id=98aa4c8e-80fd-4654-a889-157eb853ca0a
2026-04-24 18:51:03 [INFO] run_production —   Batch ingestion request sent for src_manufacturing_logs (1000 records) -> job_id=ce952842-f238-4e80-b256-b29850ec0a7b
2026-04-24 18:51:03 [INFO] run_production —   Batch ingestion request sent for src_manufacturing_logs (1000 records) -> job_id=6bc1edf6-b94d-44d0-8902-e0bf9e4062ab
2026-04-24 18:51:03 [INFO] run_production —   Batch ingestion request sent for src_manufacturing_logs (1000 records) -> job_id=2ef4c419-a5d1-4969-8bae-f85c3d150d6a
2026-04-24 18:51:03 [INFO] run_production —   Batch ingestion request sent for src_manufacturing_logs (1000 records) -> job_id=92737e95-5381-422a-a09d-18d5bb93eca8
2026-04-24 18:51:03 [INFO] run_production —   Batch ingestion request sent for src_manufacturing_logs (1000 records) -> job_id=6cfeab9e-5b74-4a34-9801-e1a7b4fc525c
2026-04-24 18:51:03 [INFO] run_production —   Batch ingestion request sent for src_manufacturing_logs (1000 records) -> job_id=b81a19d9-57a8-4da8-814a-221c58938c29
2026-04-24 18:51:03 [INFO] run_production —   Batch ingestion request sent for src_manufacturing_logs (1000 records) -> job_id=333a6dab-5a71-4502-9745-38bc7e874873
2026-04-24 18:51:03 [INFO] run_production —   Batch ingestion request sent for src_manufacturing_logs (1000 records) -> job_id=b7f9f8ae-3847-43ad-817d-24146aa78b62
2026-04-24 18:51:03 [INFO] run_production —   Batch ingestion request sent for src_manufacturing_logs (1000 records) -> job_id=196b98b2-ae8b-4b61-b5ec-a1818783d21f
2026-04-24 18:51:03 [INFO] run_production —   Batch ingestion request sent for src_manufacturing_logs (1000 records) -> job_id=6d2b4736-7f6e-485b-a795-5ea28312a5d4
2026-04-24 18:51:03 [INFO] run_production —   Batch ingestion request sent for src_manufacturing_logs (1000 records) -> job_id=758b5703-370c-4155-8006-36536f89da82
2026-04-24 18:51:03 [INFO] run_production —   Batch ingestion request sent for src_manufacturing_logs (1000 records) -> job_id=884d68e5-f2ee-4431-bcb3-da11c72b71ab
2026-04-24 18:51:03 [INFO] run_production —   Batch ingestion request sent for src_manufacturing_logs (1000 records) -> job_id=900b8754-c6c5-4542-8a33-edcda76e6e10
2026-04-24 18:51:03 [INFO] run_production —   Batch ingestion request sent for src_manufacturing_logs (1000 records) -> job_id=f6e3d35b-8f2b-4c04-b8b9-8f2b3c21af5e
2026-04-24 18:51:03 [INFO] run_production — Completed batch submission for src_manufacturing_logs: 30 request(s)
2026-04-24 18:51:03 [INFO] run_production — Loading data from storage/raw/sales_history.csv for src_sales_history
2026-04-24 18:51:03 [INFO] run_production —   30000 rows loaded from raw file
2026-04-24 18:51:03 [INFO] run_production —   Batch ingestion request sent for src_sales_history (1000 records) -> job_id=056f9b10-10fe-4bb3-b2d6-afa0bb0489bd
2026-04-24 18:51:03 [INFO] run_production —   Batch ingestion request sent for src_sales_history (1000 records) -> job_id=756faef7-d8e4-474f-8a1a-466e4c923990
2026-04-24 18:51:03 [INFO] run_production —   Batch ingestion request sent for src_sales_history (1000 records) -> job_id=f49c8fd8-81ee-4706-8c54-5bd4e19bcca3
2026-04-24 18:51:03 [INFO] run_production —   Batch ingestion request sent for src_sales_history (1000 records) -> job_id=ec4f6b98-51f5-4681-84ca-1c46740ec9ea
2026-04-24 18:51:03 [INFO] run_production —   Batch ingestion request sent for src_sales_history (1000 records) -> job_id=0575b82d-e53e-4498-b983-de7a2a72dbc8
2026-04-24 18:51:03 [INFO] run_production —   Batch ingestion request sent for src_sales_history (1000 records) -> job_id=b0229eb3-3f71-4b7a-8c70-366b20bc4e75
2026-04-24 18:51:03 [INFO] run_production —   Batch ingestion request sent for src_sales_history (1000 records) -> job_id=ac811a16-49c5-47a0-8f88-dd2d5f6944b2
2026-04-24 18:51:03 [INFO] run_production —   Batch ingestion request sent for src_sales_history (1000 records) -> job_id=6a8f31a6-3eed-4aa3-b7d2-ad738693aee5
2026-04-24 18:51:03 [INFO] run_production —   Batch ingestion request sent for src_sales_history (1000 records) -> job_id=25593120-7efa-4cae-b2f1-d20614c21e86
2026-04-24 18:51:03 [INFO] run_production —   Batch ingestion request sent for src_sales_history (1000 records) -> job_id=744f0bb6-a0f4-4842-a7a8-3f8429095171
2026-04-24 18:51:04 [INFO] run_production —   Batch ingestion request sent for src_sales_history (1000 records) -> job_id=de12b4d6-9122-41e7-841d-ff8871d24b80
2026-04-24 18:51:04 [INFO] run_production —   Batch ingestion request sent for src_sales_history (1000 records) -> job_id=6a823d83-58c8-42f4-8352-ce28be92a35c
2026-04-24 18:51:04 [INFO] run_production —   Batch ingestion request sent for src_sales_history (1000 records) -> job_id=fbac09ab-a89c-4a56-a80b-5ef74610cd99
2026-04-24 18:51:04 [INFO] run_production —   Batch ingestion request sent for src_sales_history (1000 records) -> job_id=730a27cf-c28d-40d9-90bd-4a3ab6f74619
2026-04-24 18:51:04 [INFO] run_production —   Batch ingestion request sent for src_sales_history (1000 records) -> job_id=162f0c50-b345-4eae-8afe-f7bf4d2ddd8e
2026-04-24 18:51:04 [INFO] run_production —   Batch ingestion request sent for src_sales_history (1000 records) -> job_id=dea5cb67-4a68-43f7-a611-3284f0aa5f57
2026-04-24 18:51:04 [INFO] run_production —   Batch ingestion request sent for src_sales_history (1000 records) -> job_id=f93bf65e-230e-405d-8546-20dc7623bdca
2026-04-24 18:51:04 [INFO] run_production —   Batch ingestion request sent for src_sales_history (1000 records) -> job_id=9e4cc76c-8142-42fd-8385-abc2b1e926a5
2026-04-24 18:51:04 [INFO] run_production —   Batch ingestion request sent for src_sales_history (1000 records) -> job_id=9cf66ef0-fe6b-4ccd-9257-7aebacec618c
2026-04-24 18:51:04 [INFO] run_production —   Batch ingestion request sent for src_sales_history (1000 records) -> job_id=222ced4a-a7af-4300-b69c-6a073ac7d6c7
2026-04-24 18:51:14 [INFO] run_production —   Batch ingestion request sent for src_sales_history (1000 records) -> job_id=25115a95-84df-4254-a65c-5675aa1b83d1
2026-04-24 18:51:14 [INFO] run_production —   Batch ingestion request sent for src_sales_history (1000 records) -> job_id=94985b89-4fad-4d44-97f2-18ca01cac476
2026-04-24 18:51:14 [INFO] run_production —   Batch ingestion request sent for src_sales_history (1000 records) -> job_id=5b8510e5-2261-4709-afc5-4eb608db0546
2026-04-24 18:51:15 [INFO] run_production —   Batch ingestion request sent for src_sales_history (1000 records) -> job_id=431abe2b-41e8-40bd-8204-35689bcfa686
2026-04-24 18:51:15 [INFO] run_production —   Batch ingestion request sent for src_sales_history (1000 records) -> job_id=f488377f-4632-4d41-bee3-459e48d81cb0
2026-04-24 18:51:15 [ERROR] kafka.conn — <BrokerConnection client_id=kafka-python-2.3.1, node_id=1 host=kafka:9092 <connecting> [IPv4 ('20.119.84.212', 9092)]>: Connection attempt timed out
2026-04-24 18:51:15 [ERROR] kafka.conn — <BrokerConnection client_id=kafka-python-2.3.1, node_id=1 host=kafka:9092 <connecting> [IPv4 ('20.119.84.212', 9092)]>: Closing connection. KafkaConnectionError: timeout
2026-04-24 18:51:15 [WARNING] kafka.client — Node 1 connection failed -- refreshing metadata
2026-04-24 18:51:15 [INFO] run_production —   Batch ingestion request sent for src_sales_history (1000 records) -> job_id=fc1cebe4-28a4-485d-8366-ee9182e79a19
2026-04-24 18:51:15 [INFO] run_production —   Batch ingestion request sent for src_sales_history (1000 records) -> job_id=c30e34e6-c5e0-4f25-b8c9-3c3aeeeac3e5
2026-04-24 18:51:15 [INFO] run_production —   Batch ingestion request sent for src_sales_history (1000 records) -> job_id=8e3a5838-6e29-459b-983d-8ebc464b5c8d
2026-04-24 18:51:15 [INFO] run_production —   Batch ingestion request sent for src_sales_history (1000 records) -> job_id=8c6f62ba-ffb8-4715-b165-17870588300f
2026-04-24 18:51:15 [INFO] run_production —   Batch ingestion request sent for src_sales_history (1000 records) -> job_id=70fa4c9a-2ea2-423d-a575-087b23a651d0
2026-04-24 18:51:15 [INFO] run_production — Completed batch submission for src_sales_history: 30 request(s)
2026-04-24 18:51:15 [INFO] run_production — Loading data from storage/raw/legacy_trends.csv for src_legacy_trends
2026-04-24 18:51:15 [INFO] run_production —   30000 rows loaded from raw file
2026-04-24 18:51:15 [INFO] run_production —   Batch ingestion request sent for src_legacy_trends (1000 records) -> job_id=1daf44e1-4306-4066-aa29-3c091644d95a
2026-04-24 18:51:15 [INFO] run_production —   Batch ingestion request sent for src_legacy_trends (1000 records) -> job_id=a4f5abd7-26a9-4b52-9ca4-f46cc4ecf984
2026-04-24 18:51:15 [INFO] run_production —   Batch ingestion request sent for src_legacy_trends (1000 records) -> job_id=8488ee8d-be02-4464-9fb1-0b1a11af032c
2026-04-24 18:51:15 [INFO] run_production —   Batch ingestion request sent for src_legacy_trends (1000 records) -> job_id=dfe05099-0810-408b-a39f-35c03ad2c3dc
2026-04-24 18:51:15 [INFO] run_production —   Batch ingestion request sent for src_legacy_trends (1000 records) -> job_id=ae9862ba-8d05-4ee3-a39f-1341d136626b
2026-04-24 18:51:15 [INFO] run_production —   Batch ingestion request sent for src_legacy_trends (1000 records) -> job_id=32f9670f-7c32-4ee9-bcfa-3ce2e36bed3a
2026-04-24 18:51:15 [INFO] run_production —   Batch ingestion request sent for src_legacy_trends (1000 records) -> job_id=70e43c1c-4c1c-4f47-a4d5-78716036bae4
2026-04-24 18:51:15 [INFO] run_production —   Batch ingestion request sent for src_legacy_trends (1000 records) -> job_id=1037ccc6-fac4-4c96-a500-98aeabcb28d4
2026-04-24 18:51:15 [INFO] run_production —   Batch ingestion request sent for src_legacy_trends (1000 records) -> job_id=48925ab5-01a9-4d63-8a74-4e008569a660
2026-04-24 18:51:15 [INFO] run_production —   Batch ingestion request sent for src_legacy_trends (1000 records) -> job_id=9779cb0f-c38b-4d08-9d80-09d033331114
2026-04-24 18:51:15 [INFO] run_production —   Batch ingestion request sent for src_legacy_trends (1000 records) -> job_id=01d26c9b-9054-4133-83ab-e90c85d55f92
2026-04-24 18:51:15 [INFO] run_production —   Batch ingestion request sent for src_legacy_trends (1000 records) -> job_id=9de988f0-ef11-4071-8a34-5488131b63ee
2026-04-24 18:51:15 [INFO] run_production —   Batch ingestion request sent for src_legacy_trends (1000 records) -> job_id=fead3b16-ae62-47da-be08-54a35862d48a
2026-04-24 18:51:16 [INFO] run_production —   Batch ingestion request sent for src_legacy_trends (1000 records) -> job_id=dfd7461e-205c-4164-be3c-829f55ac561e
2026-04-24 18:51:16 [INFO] run_production —   Batch ingestion request sent for src_legacy_trends (1000 records) -> job_id=5f1a07e6-2aae-471f-8cce-60a13bee08bd
2026-04-24 18:51:16 [INFO] run_production —   Batch ingestion request sent for src_legacy_trends (1000 records) -> job_id=5cc88e88-2a2c-462d-ad59-bcfede62db0b
2026-04-24 18:51:16 [INFO] run_production —   Batch ingestion request sent for src_legacy_trends (1000 records) -> job_id=b1e7fcfd-3b33-4515-bba4-1e96deed7fed
2026-04-24 18:51:16 [INFO] run_production —   Batch ingestion request sent for src_legacy_trends (1000 records) -> job_id=44149c8f-30db-45a3-91bd-4e34c236bdec
2026-04-24 18:51:16 [INFO] run_production —   Batch ingestion request sent for src_legacy_trends (1000 records) -> job_id=d704013e-fab2-4562-b890-500bd4500fc8
2026-04-24 18:51:16 [INFO] run_production —   Batch ingestion request sent for src_legacy_trends (1000 records) -> job_id=b6af1b35-a70f-4d38-8f98-000ab079ef40
2026-04-24 18:51:16 [INFO] run_production —   Batch ingestion request sent for src_legacy_trends (1000 records) -> job_id=51431864-6f7d-444e-b7e0-7a1e432a270f
2026-04-24 18:51:16 [INFO] run_production —   Batch ingestion request sent for src_legacy_trends (1000 records) -> job_id=fe50c520-f4b9-49d3-91e9-abc03c369839
2026-04-24 18:51:16 [INFO] run_production —   Batch ingestion request sent for src_legacy_trends (1000 records) -> job_id=904cbdcf-7304-4870-a096-15ab7e530590
2026-04-24 18:51:16 [INFO] kafka.conn — <BrokerConnection client_id=kafka-python-2.3.1, node_id=1 host=kafka:9092 <connecting> [IPv4 ('20.119.84.212', 9092)]>: connecting to kafka:9092 [('20.119.84.212', 9092) IPv4]
2026-04-24 18:51:16 [INFO] run_production —   Batch ingestion request sent for src_legacy_trends (1000 records) -> job_id=bd412d70-4ded-4232-83f3-6ba59b34afbb
2026-04-24 18:51:16 [INFO] run_production —   Batch ingestion request sent for src_legacy_trends (1000 records) -> job_id=c68411dd-40b1-4374-bca5-e6b655eacccd
2026-04-24 18:51:16 [INFO] run_production —   Batch ingestion request sent for src_legacy_trends (1000 records) -> job_id=6b3e665a-f8f4-4fbe-a3d8-2ae3ee75ca70
2026-04-24 18:51:16 [INFO] run_production —   Batch ingestion request sent for src_legacy_trends (1000 records) -> job_id=343573c6-cb30-44c1-ac3f-a43238a3cc81
2026-04-24 18:51:16 [INFO] run_production —   Batch ingestion request sent for src_legacy_trends (1000 records) -> job_id=e3a63b24-4b94-4633-aa07-34ae396f8c45
2026-04-24 18:51:16 [INFO] run_production —   Batch ingestion request sent for src_legacy_trends (1000 records) -> job_id=e988c4df-836b-4511-845e-ccf377fc8da9
2026-04-24 18:51:16 [INFO] run_production —   Batch ingestion request sent for src_legacy_trends (1000 records) -> job_id=50222b14-e28e-4d72-8101-2788da3d4ed5
2026-04-24 18:51:16 [INFO] run_production — Completed batch submission for src_legacy_trends: 30 request(s)
2026-04-24 18:51:24 [INFO] kafka.client — Closing idle connection bootstrap-1, last active 30009 ms ago
2026-04-24 18:51:24 [INFO] kafka.conn — <BrokerConnection client_id=kafka-python-2.3.1, node_id=bootstrap-1 host=localhost:9092 <connected> [IPv6 ('::1', 9092, 0, 0)]>: Closing connection. 
2026-04-24 18:51:37 [ERROR] kafka.conn — <BrokerConnection client_id=kafka-python-2.3.1, node_id=1 host=kafka:9092 <connecting> [IPv4 ('20.119.84.212', 9092)]>: Connection attempt timed out
2026-04-24 18:51:37 [ERROR] kafka.conn — <BrokerConnection client_id=kafka-python-2.3.1, node_id=1 host=kafka:9092 <connecting> [IPv4 ('20.119.84.212', 9092)]>: Closing connection. KafkaConnectionError: timeout
2026-04-24 18:51:37 [WARNING] kafka.client — Node 1 connection failed -- refreshing metadata
2026-04-24 18:51:38 [INFO] kafka.conn — <BrokerConnection client_id=kafka-python-2.3.1, node_id=1 host=kafka:9092 <connecting> [IPv4 ('20.119.84.212', 9092)]>: connecting to kafka:9092 [('20.119.84.212', 9092) IPv4]
2026-04-24 18:51:59 [ERROR] kafka.conn — <BrokerConnection client_id=kafka-python-2.3.1, node_id=1 host=kafka:9092 <connecting> [IPv4 ('20.119.84.212', 9092)]>: Connection attempt timed out
2026-04-24 18:51:59 [ERROR] kafka.conn — <BrokerConnection client_id=kafka-python-2.3.1, node_id=1 host=kafka:9092 <connecting> [IPv4 ('20.119.84.212', 9092)]>: Closing connection. KafkaConnectionError: timeout
2026-04-24 18:51:59 [WARNING] kafka.client — Node 1 connection failed -- refreshing metadata
2026-04-24 18:52:01 [INFO] kafka.conn — <BrokerConnection client_id=kafka-python-2.3.1, node_id=1 host=kafka:9092 <connecting> [IPv4 ('20.119.84.212', 9092)]>: connecting to kafka:9092 [('20.119.84.212', 9092) IPv4]
2026-04-24 18:52:22 [ERROR] kafka.conn — <BrokerConnection client_id=kafka-python-2.3.1, node_id=1 host=kafka:9092 <connecting> [IPv4 ('20.119.84.212', 9092)]>: Connection attempt timed out
2026-04-24 18:52:22 [ERROR] kafka.conn — <BrokerConnection client_id=kafka-python-2.3.1, node_id=1 host=kafka:9092 <connecting> [IPv4 ('20.119.84.212', 9092)]>: Closing connection. KafkaConnectionError: timeout
2026-04-24 18:52:22 [WARNING] kafka.client — Node 1 connection failed -- refreshing metadata
2026-04-24 18:52:23 [INFO] kafka.conn — <BrokerConnection client_id=kafka-python-2.3.1, node_id=1 host=kafka:9092 <connecting> [IPv4 ('20.119.84.212', 9092)]>: connecting to kafka:9092 [('20.119.84.212', 9092) IPv4]
2026-04-24 18:52:44 [ERROR] kafka.conn — <BrokerConnection client_id=kafka-python-2.3.1, node_id=1 host=kafka:9092 <connecting> [IPv4 ('20.119.84.212', 9092)]>: Connection attempt timed out
2026-04-24 18:52:44 [ERROR] kafka.conn — <BrokerConnection client_id=kafka-python-2.3.1, node_id=1 host=kafka:9092 <connecting> [IPv4 ('20.119.84.212', 9092)]>: Closing connection. KafkaConnectionError: timeout
2026-04-24 18:52:44 [WARNING] kafka.client — Node 1 connection failed -- refreshing metadata
2026-04-24 18:52:45 [INFO] kafka.conn — <BrokerConnection client_id=kafka-python-2.3.1, node_id=1 host=kafka:9092 <connecting> [IPv4 ('20.119.84.212', 9092)]>: connecting to kafka:9092 [('20.119.84.212', 9092) IPv4]
2026-04-24 18:52:50 [INFO] run_production — [SCHEDULER][DB] Starting DB ingestion run #2
2026-04-24 18:52:50 [INFO] observability_plane.telemetry — [TELEMETRY][job_src_inventory_transactions_1777038770] ▶  Job started at 2026-04-24T13:52:50.892936+00:00
2026-04-24 18:52:50 [INFO] db_ingest — 
2026-04-24 18:52:50 [INFO] db_ingest — ══════════════════════════════════════════════════════════════════════
2026-04-24 18:52:50 [INFO] db_ingest —   DB INGESTION START (CDC) | source=src_inventory_transactions | job=job_src_inventory_transactions_1777038770
2026-04-24 18:52:50 [INFO] db_ingest —   contract=contract_inventory_txn_v1 | violation_policy=quarantine
2026-04-24 18:52:50 [INFO] db_ingest — ══════════════════════════════════════════════════════════════════════
2026-04-24 18:52:50 [INFO] db_ingest —   [CDC] Loading checkpoint: FIRST RUN (no checkpoint)
2026-04-24 18:52:50 [INFO] db_ingest —   [DB] Retrieved 0 records from simulated database
2026-04-24 18:52:50 [INFO] db_ingest —   [DB] No new records to ingest. Checkpoint already up-to-date.
2026-04-24 18:52:50 [INFO] observability_plane.telemetry — [TELEMETRY][job_src_inventory_transactions_1777038770] ⏹  Job ended at 2026-04-24T13:52:50.895995+00:00 | Duration: 0.00s
2026-04-24 18:52:50 [INFO] observability_plane.telemetry — [TELEMETRY][job_src_inventory_transactions_1777038770] ⏹  Job ended at 2026-04-24T13:52:50.896448+00:00 | Duration: 0.00s
2026-04-24 18:52:50 [INFO] db_ingest — 
2026-04-24 18:52:50 [INFO] db_ingest —   [TIMER] Duration: 0.0023s
2026-04-24 18:52:50 [INFO] observability_plane.telemetry — 
============================================================
2026-04-24 18:52:50 [INFO] observability_plane.telemetry —   TELEMETRY REPORT — job_src_inventory_transactions_1777038770
2026-04-24 18:52:50 [INFO] observability_plane.telemetry — ============================================================
2026-04-24 18:52:50 [INFO] observability_plane.telemetry —   job_id                              job_src_inventory_transactions_1777038770
2026-04-24 18:52:50 [INFO] observability_plane.telemetry —   source_id                           src_inventory_transactions
2026-04-24 18:52:50 [INFO] observability_plane.telemetry —   start_time                          2026-04-24T13:52:50.892929+00:00
2026-04-24 18:52:50 [INFO] observability_plane.telemetry —   end_time                            2026-04-24T13:52:50.896447+00:00
2026-04-24 18:52:50 [INFO] observability_plane.telemetry —   duration_seconds                    0.0035
2026-04-24 18:52:50 [INFO] observability_plane.telemetry —   records_ingested                    0
2026-04-24 18:52:50 [INFO] observability_plane.telemetry —   records_failed                      0
2026-04-24 18:52:50 [INFO] observability_plane.telemetry —   records_quarantined                 0
2026-04-24 18:52:50 [INFO] observability_plane.telemetry —   records_coerced                     0
2026-04-24 18:52:50 [INFO] observability_plane.telemetry —   throughput_rec_sec                  0.0
2026-04-24 18:52:50 [INFO] observability_plane.telemetry —   avg_ingestion_latency_sec           0.0
2026-04-24 18:52:50 [INFO] observability_plane.telemetry —   processing_lag_sec                  0.0035
2026-04-24 18:52:50 [INFO] observability_plane.telemetry —   storage_summary                     {'ingested': {'file_count': 0, 'bytes': 0}, 'quarantine': {'file_count': 0, 'bytes': 0}, 'cdc_log': {'file_count': 0, 'bytes': 0}, 'micro_batch': {'file_count': 0, 'bytes': 0}, 'stream_buffer': {'file_count': 0, 'bytes': 0}, 'checkpoints': {'file_count': 0, 'bytes': 0}}
2026-04-24 18:52:50 [INFO] observability_plane.telemetry —   file_count_per_partition            0
2026-04-24 18:52:50 [INFO] observability_plane.telemetry —   snapshot_count                      0
2026-04-24 18:52:50 [INFO] observability_plane.telemetry — ============================================================

2026-04-24 18:52:50 [INFO] run_production — [SCHEDULER][DB] Completed run #2 | ingested=0 failed=0 quarantined=0 coerced=0
2026-04-24 18:52:50 [INFO] run_production — [SCHEDULER][DB] Next run in 120s
2026-04-24 18:52:51 [INFO] run_production — [SCHEDULER][WEATHER] Starting run #2
2026-04-24 18:52:51 [INFO] run_production — [WEATHER] Starting weather API ingestion cycle
2026-04-24 18:52:51 [INFO] batch_ingest —   ── API Ingestion for src_weather_api ──
2026-04-24 18:52:52 [INFO] observability_plane.telemetry — [TELEMETRY][job_src_weather_api_1777038772] ▶  Job started at 2026-04-24T13:52:52.248519+00:00
2026-04-24 18:52:52 [INFO] batch_ingest — 
2026-04-24 18:52:52 [INFO] batch_ingest — ══════════════════════════════════════════════════════════════════════
2026-04-24 18:52:52 [INFO] batch_ingest —   INGESTION START | source=src_weather_api | job=job_src_weather_api_1777038772
2026-04-24 18:52:52 [INFO] batch_ingest —   contract=contract_weather_v1 | violation_policy=quarantine
2026-04-24 18:52:52 [INFO] batch_ingest —   dedup_key=None | output_suffix=''
2026-04-24 18:52:52 [INFO] batch_ingest — ══════════════════════════════════════════════════════════════════════
2026-04-24 18:52:52 [INFO] batch_ingest —   [LOAD] Micro-batch slice: 1 rows provided via df_override
2026-04-24 18:52:52 [INFO] batch_ingest — [PASS] source=src_weather_api | row=1 | key=row_1 | contract=contract_weather_v1 | policy=quarantine | norm_changes=0
2026-04-24 18:52:52 [INFO] batch_ingest —   [WRITE]  1 records → storage/ingested\src_weather_api.parquet
2026-04-24 18:52:52 [INFO] batch_ingest —   [DETAIL LOG] 1 record entries → storage/ingested/detail_logs\src_weather_api_record_log.jsonl
2026-04-24 18:52:52 [INFO] observability_plane.telemetry — [TELEMETRY][job_src_weather_api_1777038772] ⏹  Job ended at 2026-04-24T13:52:52.277658+00:00 | Duration: 0.03s
2026-04-24 18:52:52 [INFO] batch_ingest — 
2026-04-24 18:52:52 [INFO] batch_ingest —   [TIMER] source=src_weather_api | start=2026-04-24T13:52:52.249346+00:00 | end=2026-04-24T13:52:52.277913+00:00 | duration=0.0286s
2026-04-24 18:52:52 [INFO] observability_plane.telemetry — 
============================================================
2026-04-24 18:52:52 [INFO] observability_plane.telemetry —   TELEMETRY REPORT — job_src_weather_api_1777038772
2026-04-24 18:52:52 [INFO] observability_plane.telemetry — ============================================================
2026-04-24 18:52:52 [INFO] observability_plane.telemetry —   job_id                              job_src_weather_api_1777038772
2026-04-24 18:52:52 [INFO] observability_plane.telemetry —   source_id                           src_weather_api
2026-04-24 18:52:52 [INFO] observability_plane.telemetry —   start_time                          2026-04-24T13:52:52.248517+00:00
2026-04-24 18:52:52 [INFO] observability_plane.telemetry —   end_time                            2026-04-24T13:52:52.277655+00:00
2026-04-24 18:52:52 [INFO] observability_plane.telemetry —   duration_seconds                    0.0291
2026-04-24 18:52:52 [INFO] observability_plane.telemetry —   records_ingested                    1
2026-04-24 18:52:52 [INFO] observability_plane.telemetry —   records_failed                      0
2026-04-24 18:52:52 [INFO] observability_plane.telemetry —   records_quarantined                 0
2026-04-24 18:52:52 [INFO] observability_plane.telemetry —   records_coerced                     0
2026-04-24 18:52:52 [INFO] observability_plane.telemetry —   throughput_rec_sec                  34.32
2026-04-24 18:52:52 [INFO] observability_plane.telemetry —   avg_ingestion_latency_sec           0.0
2026-04-24 18:52:52 [INFO] observability_plane.telemetry —   processing_lag_sec                  0.0291
2026-04-24 18:52:52 [INFO] observability_plane.telemetry —   storage_summary                     {'ingested': {'file_count': 1, 'bytes': 9178}, 'quarantine': {'file_count': 0, 'bytes': 0}, 'cdc_log': {'file_count': 0, 'bytes': 0}, 'micro_batch': {'file_count': 0, 'bytes': 0}, 'stream_buffer': {'file_count': 0, 'bytes': 0}, 'checkpoints': {'file_count': 0, 'bytes': 0}}
2026-04-24 18:52:52 [INFO] observability_plane.telemetry —   file_count_per_partition            1
2026-04-24 18:52:52 [INFO] observability_plane.telemetry —   snapshot_count                      1
2026-04-24 18:52:52 [INFO] observability_plane.telemetry — ============================================================

2026-04-24 18:52:52 [INFO] batch_ingest —   [API] Ingested 1 record from https://api.openweathermap.org/data/2.5/weather
2026-04-24 18:52:52 [INFO] run_production — [WEATHER] Completed cycle | ingested=1 failed=0 quarantined=0 coerced=0 duration=0.89s
2026-04-24 18:52:52 [INFO] run_production — [SCHEDULER][WEATHER] Completed run #2; next run in 120s
2026-04-24 18:53:07 [ERROR] kafka.conn — <BrokerConnection client_id=kafka-python-2.3.1, node_id=1 host=kafka:9092 <connecting> [IPv4 ('20.119.84.212', 9092)]>: Connection attempt timed out
2026-04-24 18:53:07 [ERROR] kafka.conn — <BrokerConnection client_id=kafka-python-2.3.1, node_id=1 host=kafka:9092 <connecting> [IPv4 ('20.119.84.212', 9092)]>: Closing connection. KafkaConnectionError: timeout
2026-04-24 18:53:07 [WARNING] kafka.client — Node 1 connection failed -- refreshing metadata
2026-04-24 18:53:08 [INFO] kafka.conn — <BrokerConnection client_id=kafka-python-2.3.1, node_id=1 host=kafka:9092 <connecting> [IPv4 ('20.119.84.212', 9092)]>: connecting to kafka:9092 [('20.119.84.212', 9092) IPv4]
2026-04-24 18:53:29 [ERROR] kafka.conn — <BrokerConnection client_id=kafka-python-2.3.1, node_id=1 host=kafka:9092 <connecting> [IPv4 ('20.119.84.212', 9092)]>: Connection attempt timed out
2026-04-24 18:53:29 [ERROR] kafka.conn — <BrokerConnection client_id=kafka-python-2.3.1, node_id=1 host=kafka:9092 <connecting> [IPv4 ('20.119.84.212', 9092)]>: Closing connection. KafkaConnectionError: timeout
2026-04-24 18:53:29 [WARNING] kafka.client — Node 1 connection failed -- refreshing metadata
2026-04-24 18:53:30 [INFO] kafka.conn — <BrokerConnection client_id=kafka-python-2.3.1, node_id=1 host=kafka:9092 <connecting> [IPv4 ('20.119.84.212', 9092)]>: connecting to kafka:9092 [('20.119.84.212', 9092) IPv4]
2026-04-24 18:53:50 [INFO] run_production — Shutting down production runner
