2026-04-27 10:08:22 [INFO] run_production — 
2026-04-27 10:08:22 [INFO] run_production — ======================================================================
2026-04-27 10:08:22 [INFO] run_production —   DOCKER PRODUCTION STARTUP: Complete Pipeline with Container Orchestration
2026-04-27 10:08:22 [INFO] run_production — ======================================================================
2026-04-27 10:08:22 [INFO] run_production — 🚀 Starting Supply Chain Data Engineering Pipeline
2026-04-27 10:08:22 [INFO] run_production — ======================================================================
2026-04-27 10:08:22 [INFO] run_production — This will:
2026-04-27 10:08:22 [INFO] run_production —   1. Build and start Docker containers (Kafka, API, Airflow)
2026-04-27 10:08:22 [INFO] run_production —   2. Run batch ingestion to Iceberg bronze tables
2026-04-27 10:08:22 [INFO] run_production —   3. Execute Silver → Gold transformations
2026-04-27 10:08:22 [INFO] run_production —   4. Start continuous ingestion schedulers
2026-04-27 10:08:22 [INFO] run_production —   5. Launch real-time dashboard
2026-04-27 10:08:22 [INFO] run_production — ======================================================================
2026-04-27 10:08:22 [INFO] run_production — 
📋 Step 1: Building and Starting Docker Infrastructure
2026-04-27 10:08:22 [INFO] run_production — 🏗️ Starting Docker infrastructure...
2026-04-27 10:08:22 [INFO] run_production —  Building Docker containers
2026-04-27 10:08:35 [INFO] run_production — 
2026-04-27 10:08:35 [INFO] run_production — ======================================================================
2026-04-27 10:08:35 [INFO] run_production —   DOCKER PRODUCTION STARTUP: Complete Pipeline with Container Orchestration
2026-04-27 10:08:35 [INFO] run_production — ======================================================================
2026-04-27 10:08:35 [INFO] run_production — 🚀 Starting Supply Chain Data Engineering Pipeline
2026-04-27 10:08:35 [INFO] run_production — ======================================================================
2026-04-27 10:08:35 [INFO] run_production — This will:
2026-04-27 10:08:35 [INFO] run_production —   1. Build and start Docker containers (Kafka, API, Airflow)
2026-04-27 10:08:35 [INFO] run_production —   2. Run batch ingestion to Iceberg bronze tables
2026-04-27 10:08:35 [INFO] run_production —   3. Execute Silver → Gold transformations
2026-04-27 10:08:35 [INFO] run_production —   4. Start continuous ingestion schedulers
2026-04-27 10:08:35 [INFO] run_production —   5. Launch real-time dashboard
2026-04-27 10:08:35 [INFO] run_production — ======================================================================
2026-04-27 10:08:35 [INFO] run_production — 
📋 Step 1: Building and Starting Docker Infrastructure
2026-04-27 10:08:35 [INFO] run_production — 🏗️ Starting Docker infrastructure...
2026-04-27 10:08:35 [INFO] run_production —  Building Docker containers
2026-04-27 10:10:06 [INFO] run_production — 
2026-04-27 10:10:06 [INFO] run_production — ======================================================================
2026-04-27 10:10:06 [INFO] run_production —   DOCKER PRODUCTION STARTUP: Complete Pipeline with Container Orchestration
2026-04-27 10:10:06 [INFO] run_production — ======================================================================
2026-04-27 10:10:06 [INFO] run_production — 🚀 Starting Supply Chain Data Engineering Pipeline
2026-04-27 10:10:06 [INFO] run_production — ======================================================================
2026-04-27 10:10:06 [INFO] run_production — This will:
2026-04-27 10:10:06 [INFO] run_production —   1. Build and start Docker containers (Kafka, API, Airflow)
2026-04-27 10:10:06 [INFO] run_production —   2. Run batch ingestion to Iceberg bronze tables
2026-04-27 10:10:06 [INFO] run_production —   3. Execute Silver → Gold transformations
2026-04-27 10:10:06 [INFO] run_production —   4. Start continuous ingestion schedulers
2026-04-27 10:10:06 [INFO] run_production —   5. Launch real-time dashboard
2026-04-27 10:10:06 [INFO] run_production — ======================================================================
2026-04-27 10:10:06 [INFO] run_production — 
📋 Step 1: Building and Starting Docker Infrastructure
2026-04-27 10:10:06 [INFO] run_production — 🏗️ Starting Docker infrastructure...
2026-04-27 10:10:06 [INFO] run_production —  Building Docker containers
2026-04-27 10:13:42 [INFO] run_production — ✅ Building Docker containers completed
2026-04-27 10:13:42 [INFO] run_production —  Starting main services (Kafka, API)
2026-04-27 10:14:12 [INFO] run_production — ✅ Starting main services (Kafka, API) completed
2026-04-27 10:14:12 [INFO] run_production — ⏳ Waiting for Ingestion API at http://localhost:8000/health
2026-04-27 10:14:12 [INFO] run_production — ✅ Ingestion API is ready
2026-04-27 10:14:12 [INFO] run_production — ⏳ Waiting for Kafka at http://localhost:9092
2026-04-27 10:15:12 [ERROR] run_production — ❌ Kafka failed to start within 60s
2026-04-27 10:15:12 [ERROR] run_production — ❌ Failed to start Docker infrastructure
2026-04-27 10:19:53 [INFO] run_production — 
2026-04-27 10:19:53 [INFO] run_production — ======================================================================
2026-04-27 10:19:53 [INFO] run_production —   DOCKER PRODUCTION STARTUP: Complete Pipeline with Container Orchestration
2026-04-27 10:19:53 [INFO] run_production — ======================================================================
2026-04-27 10:19:53 [INFO] run_production — 🚀 Starting Supply Chain Data Engineering Pipeline
2026-04-27 10:19:53 [INFO] run_production — ======================================================================
2026-04-27 10:19:53 [INFO] run_production — This will:
2026-04-27 10:19:53 [INFO] run_production —   1. Build and start Docker containers (Kafka, API, Airflow)
2026-04-27 10:19:53 [INFO] run_production —   2. Run batch ingestion to Iceberg bronze tables
2026-04-27 10:19:53 [INFO] run_production —   3. Execute Silver → Gold transformations
2026-04-27 10:19:53 [INFO] run_production —   4. Start continuous ingestion schedulers
2026-04-27 10:19:53 [INFO] run_production —   5. Launch real-time dashboard
2026-04-27 10:19:53 [INFO] run_production — ======================================================================
2026-04-27 10:19:53 [INFO] run_production — 
📋 Step 1: Building and Starting Docker Infrastructure
2026-04-27 10:19:53 [INFO] run_production — 🏗️ Starting Docker infrastructure...
2026-04-27 10:19:53 [INFO] run_production —  Building Docker containers
2026-04-27 10:22:01 [INFO] run_production — ✅ Building Docker containers completed
2026-04-27 10:22:01 [INFO] run_production —  Starting main services (Kafka, API)
2026-04-27 10:22:18 [INFO] run_production — ✅ Starting main services (Kafka, API) completed
2026-04-27 10:22:18 [INFO] run_production — ⏳ Waiting for Ingestion API at http://localhost:8000/health
2026-04-27 10:22:18 [INFO] run_production — ✅ Ingestion API is ready
2026-04-27 10:22:18 [INFO] run_production — ⏳ Waiting for Kafka at http://localhost:9092
2026-04-27 10:23:18 [ERROR] run_production — ❌ Kafka failed to start within 60s
2026-04-27 10:23:18 [ERROR] run_production — ❌ Failed to start Docker infrastructure
2026-04-27 10:25:56 [INFO] run_production — 
2026-04-27 10:25:56 [INFO] run_production — ======================================================================
2026-04-27 10:25:56 [INFO] run_production —   DOCKER PRODUCTION STARTUP: Complete Pipeline with Container Orchestration
2026-04-27 10:25:56 [INFO] run_production — ======================================================================
2026-04-27 10:25:56 [INFO] run_production —  Starting Supply Chain Data Engineering Pipeline
2026-04-27 10:25:56 [INFO] run_production — ======================================================================
2026-04-27 10:25:56 [INFO] run_production — This will:
2026-04-27 10:25:56 [INFO] run_production —   1. Build and start Docker containers (Kafka, API, Airflow)
2026-04-27 10:25:56 [INFO] run_production —   2. Run batch ingestion to Iceberg bronze tables
2026-04-27 10:25:56 [INFO] run_production —   3. Execute Silver → Gold transformations
2026-04-27 10:25:56 [INFO] run_production —   4. Start continuous ingestion schedulers
2026-04-27 10:25:56 [INFO] run_production —   5. Launch real-time dashboard
2026-04-27 10:25:56 [INFO] run_production — ======================================================================
2026-04-27 10:25:56 [INFO] run_production — 
 Step 1: Building and Starting Docker Infrastructure
2026-04-27 10:25:56 [INFO] run_production —  Starting Docker infrastructure...
2026-04-27 10:25:56 [INFO] run_production —  Building Docker containers
2026-04-27 10:27:11 [INFO] run_production — ✅ Building Docker containers completed
2026-04-27 10:27:11 [INFO] run_production —  Starting main services (Kafka, API)
2026-04-27 10:27:39 [INFO] run_production — ✅ Starting main services (Kafka, API) completed
2026-04-27 10:27:39 [INFO] run_production — ⏳ Waiting for Ingestion API at http://localhost:8000/health
2026-04-27 10:27:39 [INFO] run_production — ✅ Ingestion API is ready
2026-04-27 10:27:39 [INFO] run_production — ⏳ Waiting for Kafka at http://localhost:9092
2026-04-27 10:28:50 [INFO] run_production — 
2026-04-27 10:28:50 [INFO] run_production — ======================================================================
2026-04-27 10:28:50 [INFO] run_production —   DOCKER PRODUCTION STARTUP: Complete Pipeline with Container Orchestration
2026-04-27 10:28:50 [INFO] run_production — ======================================================================
2026-04-27 10:28:50 [INFO] run_production —  Starting Supply Chain Data Engineering Pipeline
2026-04-27 10:28:50 [INFO] run_production — ======================================================================
2026-04-27 10:28:50 [INFO] run_production — This will:
2026-04-27 10:28:50 [INFO] run_production —   1. Build and start Docker containers (Kafka, API, Airflow)
2026-04-27 10:28:50 [INFO] run_production —   2. Run batch ingestion to Iceberg bronze tables
2026-04-27 10:28:50 [INFO] run_production —   3. Execute Silver → Gold transformations
2026-04-27 10:28:50 [INFO] run_production —   4. Start continuous ingestion schedulers
2026-04-27 10:28:50 [INFO] run_production —   5. Launch real-time dashboard
2026-04-27 10:28:50 [INFO] run_production — ======================================================================
2026-04-27 10:28:50 [INFO] run_production — 
 Step 1: Building and Starting Docker Infrastructure
2026-04-27 10:28:50 [INFO] run_production —  Starting Docker infrastructure...
2026-04-27 10:28:50 [INFO] run_production —  Building Docker containers
2026-04-27 10:29:45 [INFO] run_production — 
2026-04-27 10:29:45 [INFO] run_production — ======================================================================
2026-04-27 10:29:45 [INFO] run_production —   DOCKER PRODUCTION STARTUP: Complete Pipeline with Container Orchestration
2026-04-27 10:29:45 [INFO] run_production — ======================================================================
2026-04-27 10:29:45 [INFO] run_production —  Starting Supply Chain Data Engineering Pipeline
2026-04-27 10:29:45 [INFO] run_production — ======================================================================
2026-04-27 10:29:45 [INFO] run_production — This will:
2026-04-27 10:29:45 [INFO] run_production —   1. Build and start Docker containers (Kafka, API, Airflow)
2026-04-27 10:29:45 [INFO] run_production —   2. Run batch ingestion to Iceberg bronze tables
2026-04-27 10:29:45 [INFO] run_production —   3. Execute Silver → Gold transformations
2026-04-27 10:29:45 [INFO] run_production —   4. Start continuous ingestion schedulers
2026-04-27 10:29:45 [INFO] run_production —   5. Launch real-time dashboard
2026-04-27 10:29:45 [INFO] run_production — ======================================================================
2026-04-27 10:29:45 [INFO] run_production — 
 Step 1: Building and Starting Docker Infrastructure
2026-04-27 10:29:45 [INFO] run_production —  Starting Docker infrastructure...
2026-04-27 10:29:45 [INFO] run_production —  Building Docker containers
2026-04-27 10:30:53 [INFO] run_production — ✅ Building Docker containers completed
2026-04-27 10:30:53 [INFO] run_production —  Starting main services (Kafka, API)
2026-04-27 10:31:19 [INFO] run_production — ✅ Starting main services (Kafka, API) completed
2026-04-27 10:31:19 [INFO] run_production — ⏳ Waiting for Ingestion API at http://localhost:8000/health
2026-04-27 10:31:19 [INFO] run_production — ✅ Ingestion API is ready
2026-04-27 10:31:19 [INFO] run_production — ⏳ Waiting for Kafka at http://localhost:9092
2026-04-27 10:32:19 [ERROR] run_production —  Kafka failed to start within 60s
2026-04-27 10:32:19 [ERROR] run_production —  Failed to start Docker infrastructure
2026-04-27 10:32:54 [INFO] run_production — 
2026-04-27 10:32:54 [INFO] run_production — ======================================================================
2026-04-27 10:32:54 [INFO] run_production —   DOCKER PRODUCTION STARTUP: Complete Pipeline with Container Orchestration
2026-04-27 10:32:54 [INFO] run_production — ======================================================================
2026-04-27 10:32:54 [INFO] run_production —  Starting Supply Chain Data Engineering Pipeline
2026-04-27 10:32:54 [INFO] run_production — ======================================================================
2026-04-27 10:32:54 [INFO] run_production — This will:
2026-04-27 10:32:54 [INFO] run_production —   1. Build and start Docker containers (Kafka, API, Airflow)
2026-04-27 10:32:54 [INFO] run_production —   2. Run batch ingestion to Iceberg bronze tables
2026-04-27 10:32:54 [INFO] run_production —   3. Execute Silver → Gold transformations
2026-04-27 10:32:54 [INFO] run_production —   4. Start continuous ingestion schedulers
2026-04-27 10:32:54 [INFO] run_production —   5. Launch real-time dashboard
2026-04-27 10:32:54 [INFO] run_production — ======================================================================
2026-04-27 10:32:54 [INFO] run_production — 
 Step 1: Building and Starting Docker Infrastructure
2026-04-27 10:32:54 [INFO] run_production —  Starting Docker infrastructure...
2026-04-27 10:32:54 [INFO] run_production —  Building Docker containers
2026-04-27 10:34:09 [INFO] run_production — ✅ Building Docker containers completed
2026-04-27 10:34:09 [INFO] run_production —  Starting main services (Kafka, API)
2026-04-27 10:34:37 [INFO] run_production — ✅ Starting main services (Kafka, API) completed
2026-04-27 10:34:37 [INFO] run_production — ⏳ Waiting for Ingestion API at http://localhost:8000/health
2026-04-27 10:34:37 [INFO] run_production — ✅ Ingestion API is ready
2026-04-27 10:34:37 [INFO] run_production — ⏳ Waiting for Kafka at http://localhost:9092
2026-04-27 10:35:37 [ERROR] run_production —  Kafka failed to start within 60s
2026-04-27 10:35:37 [ERROR] run_production —  Failed to start Docker infrastructure
2026-04-27 10:43:46 [INFO] run_production — 
2026-04-27 10:43:46 [INFO] run_production — ======================================================================
2026-04-27 10:43:46 [INFO] run_production —   DOCKER PRODUCTION STARTUP: Complete Pipeline with Container Orchestration
2026-04-27 10:43:46 [INFO] run_production — ======================================================================
2026-04-27 10:43:46 [INFO] run_production —  Starting Supply Chain Data Engineering Pipeline
2026-04-27 10:43:46 [INFO] run_production — ======================================================================
2026-04-27 10:43:46 [INFO] run_production — This will:
2026-04-27 10:43:46 [INFO] run_production —   1. Build and start Docker containers (Kafka, API, Airflow)
2026-04-27 10:43:46 [INFO] run_production —   2. Run batch ingestion to Iceberg bronze tables
2026-04-27 10:43:46 [INFO] run_production —   3. Execute Silver → Gold transformations
2026-04-27 10:43:46 [INFO] run_production —   4. Start continuous ingestion schedulers
2026-04-27 10:43:46 [INFO] run_production —   5. Launch real-time dashboard
2026-04-27 10:43:46 [INFO] run_production — ======================================================================
2026-04-27 10:43:46 [INFO] run_production — 
 Step 1: Building and Starting Docker Infrastructure
2026-04-27 10:43:46 [INFO] run_production —  Starting Docker infrastructure...
2026-04-27 10:43:46 [INFO] run_production —  Building Docker containers
2026-04-27 10:45:03 [INFO] run_production — ✅ Building Docker containers completed
2026-04-27 10:45:03 [INFO] run_production —  Starting main services (Kafka, API)
2026-04-27 10:45:36 [INFO] run_production — ✅ Starting main services (Kafka, API) completed
2026-04-27 10:45:36 [INFO] run_production — ⏳ Waiting for Ingestion API at http://localhost:8000/health
2026-04-27 10:45:36 [INFO] run_production — ✅ Ingestion API is ready
2026-04-27 10:45:36 [INFO] run_production — ⏳ Waiting for Kafka at http://localhost:9092
2026-04-27 10:46:36 [ERROR] run_production —  Kafka failed to start within 60s
2026-04-27 10:46:36 [ERROR] run_production —  Failed to start Docker infrastructure
